# JRE version: OpenJDK Runtime Environment Temurin-17.0.8.1+1 (17.0.8.1+1) (build 17.0.8.1+1)
# Java VM: OpenJDK 64-Bit Server VM Temurin-17.0.8.1+1 (17.0.8.1+1, mixed mode, emulated-client, sharing, tiered, compressed oops, compressed class ptrs, g1 gc, windows-amd64)
GC Precious Log:
 CPUs: 4 total, 4 available
 Memory: 3872M
 Large Page Support: Disabled
 NUMA Support: Disabled
 Compressed Oops: Enabled (32-bit)
 Heap Region Size: 1M
 Heap Min Capacity: 8M
 Heap Initial Capacity: 62M
 Heap Max Capacity: 1G
 Pre-touch: Disabled
 Parallel Workers: 4
 Concurrent Workers: 1
 Concurrent Refinement Workers: 4
 Periodic GC: Disabled
Heap:
 garbage-first heap   total 61440K, used 17788K [0x00000000c0000000, 0x0000000100000000)
  region size 1024K, 1 young (1024K), 0 survivors (0K)
 Metaspace       used 31361K, committed 31936K, reserved 1114112K
  class space    used 4323K, committed 4544K, reserved 1048576K
GC Heap History (20 events):
Event: 2913.807 GC heap before
{Heap before GC invocations=284 (full 275):
 garbage-first heap   total 61440K, used 17788K [0x00000000c0000000, 0x0000000100000000)
  region size 1024K, 1 young (1024K), 0 survivors (0K)
 Metaspace       used 31361K, committed 31936K, reserved 1114112K
  class space    used 4323K, committed 4544K, reserved 1048576K
}
Event: 2913.836 GC heap after
{Heap after GC invocations=285 (full 276):
 garbage-first heap   total 61440K, used 17788K [0x00000000c0000000, 0x0000000100000000)
  region size 1024K, 0 young (0K), 0 survivors (0K)
 Metaspace       used 31361K, committed 31936K, reserved 1114112K
  class space    used 4323K, committed 4544K, reserved 1048576K
}
Event: 2924.084 GC heap before
{Heap before GC invocations=285 (full 276):
 garbage-first heap   total 61440K, used 17788K [0x00000000c0000000, 0x0000000100000000)
  region size 1024K, 1 young (1024K), 0 survivors (0K)
 Metaspace       used 31361K, committed 31936K, reserved 1114112K
  class space    used 4323K, committed 4544K, reserved 1048576K
}
Event: 2924.199 GC heap after
{Heap after GC invocations=286 (full 277):
 garbage-first heap   total 61440K, used 17788K [0x00000000c0000000, 0x0000000100000000)
  region size 1024K, 0 young (0K), 0 survivors (0K)
 Metaspace       used 31361K, committed 31936K, reserved 1114112K
  class space    used 4323K, committed 4544K, reserved 1048576K
}
Event: 2934.438 GC heap before
{Heap before GC invocations=286 (full 277):
 garbage-first heap   total 61440K, used 17788K [0x00000000c0000000, 0x0000000100000000)
  region size 1024K, 1 young (1024K), 0 survivors (0K)
 Metaspace       used 31361K, committed 31936K, reserved 1114112K
  class space    used 4323K, committed 4544K, reserved 1048576K
}
Event: 2934.478 GC heap after
{Heap after GC invocations=287 (full 278):
 garbage-first heap   total 61440K, used 17788K [0x00000000c0000000, 0x0000000100000000)
  region size 1024K, 0 young (0K), 0 survivors (0K)
 Metaspace       used 31361K, committed 31936K, reserved 1114112K
  class space    used 4323K, committed 4544K, reserved 1048576K
}
Event: 2944.765 GC heap before
{Heap before GC invocations=287 (full 278):
 garbage-first heap   total 61440K, used 17788K [0x00000000c0000000, 0x0000000100000000)
  region size 1024K, 1 young (1024K), 0 survivors (0K)
 Metaspace       used 31361K, committed 31936K, reserved 1114112K
  class space    used 4323K, committed 4544K, reserved 1048576K
}
Event: 2944.796 GC heap after
{Heap after GC invocations=288 (full 279):
 garbage-first heap   total 61440K, used 17788K [0x00000000c0000000, 0x0000000100000000)
  region size 1024K, 0 young (0K), 0 survivors (0K)
 Metaspace       used 31361K, committed 31936K, reserved 1114112K
  class space    used 4323K, committed 4544K, reserved 1048576K
}
Event: 2955.037 GC heap before
{Heap before GC invocations=288 (full 279):
 garbage-first heap   total 61440K, used 17788K [0x00000000c0000000, 0x0000000100000000)
  region size 1024K, 1 young (1024K), 0 survivors (0K)
 Metaspace       used 31361K, committed 31936K, reserved 1114112K
  class space    used 4323K, committed 4544K, reserved 1048576K
}
Event: 2955.072 GC heap after
{Heap after GC invocations=289 (full 280):
 garbage-first heap   total 61440K, used 17788K [0x00000000c0000000, 0x0000000100000000)
  region size 1024K, 0 young (0K), 0 survivors (0K)
 Metaspace       used 31361K, committed 31936K, reserved 1114112K
  class space    used 4323K, committed 4544K, reserved 1048576K
}
Event: 2966.571 GC heap before
{Heap before GC invocations=289 (full 280):
 garbage-first heap   total 61440K, used 17788K [0x00000000c0000000, 0x0000000100000000)
  region size 1024K, 1 young (1024K), 0 survivors (0K)
 Metaspace       used 31361K, committed 31936K, reserved 1114112K
  class space    used 4323K, committed 4544K, reserved 1048576K
}
Event: 2966.812 GC heap after
{Heap after GC invocations=290 (full 281):
 garbage-first heap   total 61440K, used 17788K [0x00000000c0000000, 0x0000000100000000)
  region size 1024K, 0 young (0K), 0 survivors (0K)
 Metaspace       used 31361K, committed 31936K, reserved 1114112K
  class space    used 4323K, committed 4544K, reserved 1048576K
}
Event: 2977.178 GC heap before
{Heap before GC invocations=290 (full 281):
 garbage-first heap   total 61440K, used 17788K [0x00000000c0000000, 0x0000000100000000)
  region size 1024K, 1 young (1024K), 0 survivors (0K)
 Metaspace       used 31361K, committed 31936K, reserved 1114112K
  class space    used 4323K, committed 4544K, reserved 1048576K
}
Event: 2977.232 GC heap after
{Heap after GC invocations=291 (full 282):
 garbage-first heap   total 61440K, used 17788K [0x00000000c0000000, 0x0000000100000000)
  region size 1024K, 0 young (0K), 0 survivors (0K)
 Metaspace       used 31361K, committed 31936K, reserved 1114112K
  class space    used 4323K, committed 4544K, reserved 1048576K
}
Event: 2987.510 GC heap before
{Heap before GC invocations=291 (full 282):
 garbage-first heap   total 61440K, used 17788K [0x00000000c0000000, 0x0000000100000000)
  region size 1024K, 1 young (1024K), 0 survivors (0K)
 Metaspace       used 31361K, committed 31936K, reserved 1114112K
  class space    used 4323K, committed 4544K, reserved 1048576K
}
Event: 2987.536 GC heap after
{Heap after GC invocations=292 (full 283):
 garbage-first heap   total 61440K, used 17788K [0x00000000c0000000, 0x0000000100000000)
  region size 1024K, 0 young (0K), 0 survivors (0K)
 Metaspace       used 31361K, committed 31936K, reserved 1114112K
  class space    used 4323K, committed 4544K, reserved 1048576K
}
Event: 2997.832 GC heap before
{Heap before GC invocations=292 (full 283):
 garbage-first heap   total 61440K, used 17788K [0x00000000c0000000, 0x0000000100000000)
  region size 1024K, 1 young (1024K), 0 survivors (0K)
 Metaspace       used 31361K, committed 31936K, reserved 1114112K
  class space    used 4323K, committed 4544K, reserved 1048576K
}
Event: 2997.866 GC heap after
{Heap after GC invocations=293 (full 284):
 garbage-first heap   total 61440K, used 17788K [0x00000000c0000000, 0x0000000100000000)
  region size 1024K, 0 young (0K), 0 survivors (0K)
 Metaspace       used 31361K, committed 31936K, reserved 1114112K
  class space    used 4323K, committed 4544K, reserved 1048576K
}
Event: 3008.285 GC heap before
{Heap before GC invocations=293 (full 284):
 garbage-first heap   total 61440K, used 17788K [0x00000000c0000000, 0x0000000100000000)
  region size 1024K, 1 young (1024K), 0 survivors (0K)
 Metaspace       used 31361K, committed 31936K, reserved 1114112K
  class space    used 4323K, committed 4544K, reserved 1048576K
}
Event: 3008.397 GC heap after
{Heap after GC invocations=294 (full 285):
 garbage-first heap   total 61440K, used 17788K [0x00000000c0000000, 0x0000000100000000)
  region size 1024K, 0 young (0K), 0 survivors (0K)
 Metaspace       used 31361K, committed 31936K, reserved 1114112K
  class space    used 4323K, committed 4544K, reserved 1048576K
}

