# JRE version: OpenJDK Runtime Environment Temurin-17.0.8.1+1 (17.0.8.1+1) (build 17.0.8.1+1)
# Java VM: OpenJDK 64-Bit Server VM Temurin-17.0.8.1+1 (17.0.8.1+1, mixed mode, emulated-client, sharing, tiered, compressed oops, compressed class ptrs, g1 gc, windows-amd64)
GC Precious Log:
 CPUs: 4 total, 4 available
 Memory: 3872M
 Large Page Support: Disabled
 NUMA Support: Disabled
 Compressed Oops: Enabled (32-bit)
 Heap Region Size: 1M
 Heap Min Capacity: 8M
 Heap Initial Capacity: 62M
 Heap Max Capacity: 1G
 Pre-touch: Disabled
 Parallel Workers: 4
 Concurrent Workers: 1
 Concurrent Refinement Workers: 4
 Periodic GC: Disabled
Heap:
 garbage-first heap   total 61440K, used 17688K [0x00000000c0000000, 0x0000000100000000)
  region size 1024K, 1 young (1024K), 0 survivors (0K)
 Metaspace       used 31374K, committed 31872K, reserved 1114112K
  class space    used 4333K, committed 4544K, reserved 1048576K
GC Heap History (20 events):
Event: 156.060 GC heap before
{Heap before GC invocations=19 (full 8):
 garbage-first heap   total 61440K, used 17688K [0x00000000c0000000, 0x0000000100000000)
  region size 1024K, 1 young (1024K), 0 survivors (0K)
 Metaspace       used 31368K, committed 31872K, reserved 1114112K
  class space    used 4330K, committed 4544K, reserved 1048576K
}
Event: 156.252 GC heap after
{Heap after GC invocations=20 (full 9):
 garbage-first heap   total 61440K, used 17688K [0x00000000c0000000, 0x0000000100000000)
  region size 1024K, 0 young (0K), 0 survivors (0K)
 Metaspace       used 31368K, committed 31872K, reserved 1114112K
  class space    used 4330K, committed 4544K, reserved 1048576K
}
Event: 166.629 GC heap before
{Heap before GC invocations=20 (full 9):
 garbage-first heap   total 61440K, used 17688K [0x00000000c0000000, 0x0000000100000000)
  region size 1024K, 1 young (1024K), 0 survivors (0K)
 Metaspace       used 31368K, committed 31872K, reserved 1114112K
  class space    used 4330K, committed 4544K, reserved 1048576K
}
Event: 166.791 GC heap after
{Heap after GC invocations=21 (full 10):
 garbage-first heap   total 61440K, used 17688K [0x00000000c0000000, 0x0000000100000000)
  region size 1024K, 0 young (0K), 0 survivors (0K)
 Metaspace       used 31368K, committed 31872K, reserved 1114112K
  class space    used 4330K, committed 4544K, reserved 1048576K
}
Event: 177.062 GC heap before
{Heap before GC invocations=21 (full 10):
 garbage-first heap   total 61440K, used 17688K [0x00000000c0000000, 0x0000000100000000)
  region size 1024K, 1 young (1024K), 0 survivors (0K)
 Metaspace       used 31368K, committed 31872K, reserved 1114112K
  class space    used 4330K, committed 4544K, reserved 1048576K
}
Event: 177.086 GC heap after
{Heap after GC invocations=22 (full 11):
 garbage-first heap   total 61440K, used 17688K [0x00000000c0000000, 0x0000000100000000)
  region size 1024K, 0 young (0K), 0 survivors (0K)
 Metaspace       used 31368K, committed 31872K, reserved 1114112K
  class space    used 4330K, committed 4544K, reserved 1048576K
}
Event: 187.314 GC heap before
{Heap before GC invocations=22 (full 11):
 garbage-first heap   total 61440K, used 17688K [0x00000000c0000000, 0x0000000100000000)
  region size 1024K, 1 young (1024K), 0 survivors (0K)
 Metaspace       used 31368K, committed 31872K, reserved 1114112K
  class space    used 4330K, committed 4544K, reserved 1048576K
}
Event: 187.333 GC heap after
{Heap after GC invocations=23 (full 12):
 garbage-first heap   total 61440K, used 17688K [0x00000000c0000000, 0x0000000100000000)
  region size 1024K, 0 young (0K), 0 survivors (0K)
 Metaspace       used 31368K, committed 31872K, reserved 1114112K
  class space    used 4330K, committed 4544K, reserved 1048576K
}
Event: 197.546 GC heap before
{Heap before GC invocations=23 (full 12):
 garbage-first heap   total 61440K, used 17688K [0x00000000c0000000, 0x0000000100000000)
  region size 1024K, 1 young (1024K), 0 survivors (0K)
 Metaspace       used 31368K, committed 31872K, reserved 1114112K
  class space    used 4330K, committed 4544K, reserved 1048576K
}
Event: 197.570 GC heap after
{Heap after GC invocations=24 (full 13):
 garbage-first heap   total 61440K, used 17688K [0x00000000c0000000, 0x0000000100000000)
  region size 1024K, 0 young (0K), 0 survivors (0K)
 Metaspace       used 31368K, committed 31872K, reserved 1114112K
  class space    used 4330K, committed 4544K, reserved 1048576K
}
Event: 207.890 GC heap before
{Heap before GC invocations=24 (full 13):
 garbage-first heap   total 61440K, used 17688K [0x00000000c0000000, 0x0000000100000000)
  region size 1024K, 1 young (1024K), 0 survivors (0K)
 Metaspace       used 31368K, committed 31872K, reserved 1114112K
  class space    used 4330K, committed 4544K, reserved 1048576K
}
Event: 207.988 GC heap after
{Heap after GC invocations=25 (full 14):
 garbage-first heap   total 61440K, used 17688K [0x00000000c0000000, 0x0000000100000000)
  region size 1024K, 0 young (0K), 0 survivors (0K)
 Metaspace       used 31368K, committed 31872K, reserved 1114112K
  class space    used 4330K, committed 4544K, reserved 1048576K
}
Event: 218.599 GC heap before
{Heap before GC invocations=25 (full 14):
 garbage-first heap   total 61440K, used 17688K [0x00000000c0000000, 0x0000000100000000)
  region size 1024K, 1 young (1024K), 0 survivors (0K)
 Metaspace       used 31368K, committed 31872K, reserved 1114112K
  class space    used 4330K, committed 4544K, reserved 1048576K
}
Event: 218.889 GC heap after
{Heap after GC invocations=26 (full 15):
 garbage-first heap   total 61440K, used 17688K [0x00000000c0000000, 0x0000000100000000)
  region size 1024K, 0 young (0K), 0 survivors (0K)
 Metaspace       used 31368K, committed 31872K, reserved 1114112K
  class space    used 4330K, committed 4544K, reserved 1048576K
}
Event: 229.162 GC heap before
{Heap before GC invocations=26 (full 15):
 garbage-first heap   total 61440K, used 17688K [0x00000000c0000000, 0x0000000100000000)
  region size 1024K, 1 young (1024K), 0 survivors (0K)
 Metaspace       used 31368K, committed 31872K, reserved 1114112K
  class space    used 4330K, committed 4544K, reserved 1048576K
}
Event: 229.200 GC heap after
{Heap after GC invocations=27 (full 16):
 garbage-first heap   total 61440K, used 17688K [0x00000000c0000000, 0x0000000100000000)
  region size 1024K, 0 young (0K), 0 survivors (0K)
 Metaspace       used 31368K, committed 31872K, reserved 1114112K
  class space    used 4330K, committed 4544K, reserved 1048576K
}
Event: 239.517 GC heap before
{Heap before GC invocations=27 (full 16):
 garbage-first heap   total 61440K, used 17688K [0x00000000c0000000, 0x0000000100000000)
  region size 1024K, 1 young (1024K), 0 survivors (0K)
 Metaspace       used 31368K, committed 31872K, reserved 1114112K
  class space    used 4330K, committed 4544K, reserved 1048576K
}
Event: 239.546 GC heap after
{Heap after GC invocations=28 (full 17):
 garbage-first heap   total 61440K, used 17688K [0x00000000c0000000, 0x0000000100000000)
  region size 1024K, 0 young (0K), 0 survivors (0K)
 Metaspace       used 31368K, committed 31872K, reserved 1114112K
  class space    used 4330K, committed 4544K, reserved 1048576K
}
Event: 249.976 GC heap before
{Heap before GC invocations=28 (full 17):
 garbage-first heap   total 61440K, used 17688K [0x00000000c0000000, 0x0000000100000000)
  region size 1024K, 1 young (1024K), 0 survivors (0K)
 Metaspace       used 31368K, committed 31872K, reserved 1114112K
  class space    used 4330K, committed 4544K, reserved 1048576K
}
Event: 250.109 GC heap after
{Heap after GC invocations=29 (full 18):
 garbage-first heap   total 61440K, used 17688K [0x00000000c0000000, 0x0000000100000000)
  region size 1024K, 0 young (0K), 0 survivors (0K)
 Metaspace       used 31368K, committed 31872K, reserved 1114112K
  class space    used 4330K, committed 4544K, reserved 1048576K
}

