<?xml version="1.0" encoding="UTF-8"?>
<testsuite xmlns:xsi="http://www.w3.org/2001/XMLSchema-instance" xsi:noNamespaceSchemaLocation="https://maven.apache.org/surefire/maven-surefire-plugin/xsd/surefire-test-report.xsd" name="com.example.song.SongControllerTests" time="24.301" tests="13" errors="13" skipped="0" failures="0">
  <properties>
[...]
</properties>
  <testcase name="testgetSongs" classname="com.example.song.SongControllerTests" time="1.106">
    <error message="Failed to execute SQL script statement #1 of class path resource [data.sql]: INSERT INTO playlist (songName, lyricist, singer, musicDirector) SELECT &apos;Butta Bomma&apos;, &apos;Ramajogayya Sastry&apos;, &apos;Armaan Malik&apos;, &apos;Thaman S&apos; WHERE NOT EXISTS (SELECT 1 FROM playlist WHERE songid = 1); nested exception is org.h2.jdbc.JdbcSQLSyntaxErrorException: Column &quot;SONGNAME&quot; not found; SQL statement:&#10;INSERT INTO playlist (songName, lyricist, singer, musicDirector) SELECT &apos;Butta Bomma&apos;, &apos;Ramajogayya Sastry&apos;, &apos;Armaan Malik&apos;, &apos;Thaman S&apos; WHERE NOT EXISTS (SELECT 1 FROM playlist WHERE songid = 1) [42122-214]" type="org.springframework.jdbc.datasource.init.ScriptStatementFailedException">org.springframework.jdbc.datasource.init.ScriptStatementFailedException: 
Failed to execute SQL script statement #1 of class path resource [data.sql]: INSERT INTO playlist (songName, lyricist, singer, musicDirector) SELECT 'Butta Bomma', 'Ramajogayya Sastry', 'Armaan Malik', 'Thaman S' WHERE NOT EXISTS (SELECT 1 FROM playlist WHERE songid = 1); nested exception is org.h2.jdbc.JdbcSQLSyntaxErrorException: Column "SONGNAME" not found; SQL statement:
INSERT INTO playlist (songName, lyricist, singer, musicDirector) SELECT 'Butta Bomma', 'Ramajogayya Sastry', 'Armaan Malik', 'Thaman S' WHERE NOT EXISTS (SELECT 1 FROM playlist WHERE songid = 1) [42122-214]
Caused by: org.h2.jdbc.JdbcSQLSyntaxErrorException: 
Column "SONGNAME" not found; SQL statement:
INSERT INTO playlist (songName, lyricist, singer, musicDirector) SELECT 'Butta Bomma', 'Ramajogayya Sastry', 'Armaan Malik', 'Thaman S' WHERE NOT EXISTS (SELECT 1 FROM playlist WHERE songid = 1) [42122-214]
</error>
    <system-out><![CDATA[2023-11-12 06:00:45.984  INFO 5596 --- [           main] .b.t.c.SpringBootTestContextBootstrapper : Neither @ContextConfiguration nor @ContextHierarchy found for test class [com.example.song.SongControllerTests], using SpringBootContextLoader
2023-11-12 06:00:46.080  INFO 5596 --- [           main] o.s.t.c.support.AbstractContextLoader    : Could not detect default resource locations for test class [com.example.song.SongControllerTests]: no resource found for suffixes {-context.xml, Context.groovy}.
2023-11-12 06:00:46.081  INFO 5596 --- [           main] t.c.s.AnnotationConfigContextLoaderUtils : Could not detect default configuration classes for test class [com.example.song.SongControllerTests]: SongControllerTests does not declare any static, non-private, non-final, nested classes annotated with @Configuration.
2023-11-12 06:00:46.390  INFO 5596 --- [           main] .b.t.c.SpringBootTestContextBootstrapper : Found @SpringBootConfiguration com.example.song.SongApplication for test class com.example.song.SongControllerTests
2023-11-12 06:00:46.487  INFO 5596 --- [           main] .b.t.c.SpringBootTestContextBootstrapper : Loaded default TestExecutionListener class names from location [META-INF/spring.factories]: [org.springframework.boot.test.mock.mockito.MockitoTestExecutionListener, org.springframework.boot.test.mock.mockito.ResetMocksTestExecutionListener, org.springframework.test.context.web.ServletTestExecutionListener, org.springframework.test.context.support.DirtiesContextBeforeModesTestExecutionListener, org.springframework.test.context.event.ApplicationEventsTestExecutionListener, org.springframework.test.context.support.DependencyInjectionTestExecutionListener, org.springframework.test.context.support.DirtiesContextTestExecutionListener, org.springframework.test.context.transaction.TransactionalTestExecutionListener, org.springframework.test.context.jdbc.SqlScriptsTestExecutionListener, org.springframework.test.context.event.EventPublishingTestExecutionListener, org.springframework.boot.test.autoconfigure.restdocs.RestDocsTestExecutionListener, org.springframework.boot.test.autoconfigure.web.client.MockRestServiceServerResetTestExecutionListener, org.springframework.boot.test.autoconfigure.web.servlet.MockMvcPrintOnlyOnFailureTestExecutionListener, org.springframework.boot.test.autoconfigure.web.servlet.WebDriverTestExecutionListener, org.springframework.boot.test.autoconfigure.webservices.client.MockWebServiceServerTestExecutionListener]
2023-11-12 06:00:46.590  INFO 5596 --- [           main] .b.t.c.SpringBootTestContextBootstrapper : Using TestExecutionListeners: [org.springframework.test.context.web.ServletTestExecutionListener@523ade68, org.springframework.test.context.support.DirtiesContextBeforeModesTestExecutionListener@b529d7e, org.springframework.test.context.event.ApplicationEventsTestExecutionListener@3664c596, org.springframework.boot.test.mock.mockito.MockitoTestExecutionListener@40aad17d, org.springframework.boot.test.autoconfigure.SpringBootDependencyInjectionTestExecutionListener@44e79e9e, org.springframework.test.context.support.DirtiesContextTestExecutionListener@5bc14211, org.springframework.test.context.transaction.TransactionalTestExecutionListener@4b99648a, org.springframework.test.context.jdbc.SqlScriptsTestExecutionListener@5d2e65bd, org.springframework.test.context.event.EventPublishingTestExecutionListener@254513e8, org.springframework.boot.test.mock.mockito.ResetMocksTestExecutionListener@74450c9b, org.springframework.boot.test.autoconfigure.restdocs.RestDocsTestExecutionListener@74f89bad, org.springframework.boot.test.autoconfigure.web.client.MockRestServiceServerResetTestExecutionListener@5ad50b02, org.springframework.boot.test.autoconfigure.web.servlet.MockMvcPrintOnlyOnFailureTestExecutionListener@570299e3, org.springframework.boot.test.autoconfigure.web.servlet.WebDriverTestExecutionListener@bff764c, org.springframework.boot.test.autoconfigure.webservices.client.MockWebServiceServerTestExecutionListener@3beaa16d]

  .   ____          _            __ _ _
 /\\ / ___'_ __ _ _(_)_ __  __ _ \ \ \ \
( ( )\___ | '_ | '_| | '_ \/ _` | \ \ \ \
 \\/  ___)| |_)| | | | | || (_| |  ) ) ) )
  '  |____| .__|_| |_|_| |_\__, | / / / /
 =========|_|==============|___/=/_/_/_/
 :: Spring Boot ::                (v2.7.8)

2023-11-12 06:00:47.185  INFO 5596 --- [           main] com.example.song.SongControllerTests     : Starting SongControllerTests using Java 1.8.0_342 on ip-10-2-0-184.ap-south-1.compute.internal with PID 5596 (started by nxtwave in /home/nxtwave/song)
2023-11-12 06:00:47.186  INFO 5596 --- [           main] com.example.song.SongControllerTests     : No active profile set, falling back to 1 default profile: "default"
2023-11-12 06:00:50.280  INFO 5596 --- [           main] .s.d.r.c.RepositoryConfigurationDelegate : Multiple Spring Data modules found, entering strict repository configuration mode
2023-11-12 06:00:50.282  INFO 5596 --- [           main] .s.d.r.c.RepositoryConfigurationDelegate : Bootstrapping Spring Data JDBC repositories in DEFAULT mode.
2023-11-12 06:00:50.288  INFO 5596 --- [           main] .RepositoryConfigurationExtensionSupport : Spring Data JDBC - Could not safely identify store assignment for repository candidate interface com.example.song.repository.SongJpaRepository; If you want this repository to be a JDBC repository, consider annotating your entities with one of these annotations: org.springframework.data.relational.core.mapping.Table.
2023-11-12 06:00:50.292  INFO 5596 --- [           main] .s.d.r.c.RepositoryConfigurationDelegate : Finished Spring Data repository scanning in 8 ms. Found 0 JDBC repository interfaces.
2023-11-12 06:00:50.385  INFO 5596 --- [           main] .s.d.r.c.RepositoryConfigurationDelegate : Multiple Spring Data modules found, entering strict repository configuration mode
2023-11-12 06:00:50.387  INFO 5596 --- [           main] .s.d.r.c.RepositoryConfigurationDelegate : Bootstrapping Spring Data JPA repositories in DEFAULT mode.
2023-11-12 06:00:50.482  INFO 5596 --- [           main] .s.d.r.c.RepositoryConfigurationDelegate : Finished Spring Data repository scanning in 93 ms. Found 1 JPA repository interfaces.
2023-11-12 06:00:51.584  INFO 5596 --- [           main] com.zaxxer.hikari.HikariDataSource       : HikariPool-2 - Starting...
2023-11-12 06:00:51.681  INFO 5596 --- [           main] com.zaxxer.hikari.HikariDataSource       : HikariPool-2 - Start completed.
2023-11-12 06:00:52.181  INFO 5596 --- [           main] o.hibernate.jpa.internal.util.LogHelper  : HHH000204: Processing PersistenceUnitInfo [name: default]
2023-11-12 06:00:52.187  INFO 5596 --- [           main] org.hibernate.dialect.Dialect            : HHH000400: Using dialect: org.hibernate.dialect.H2Dialect
2023-11-12 06:00:52.488  INFO 5596 --- [           main] o.h.e.t.j.p.i.JtaPlatformInitiator       : HHH000490: Using JtaPlatform implementation: [org.hibernate.engine.transaction.jta.platform.internal.NoJtaPlatform]
2023-11-12 06:00:52.488  INFO 5596 --- [           main] j.LocalContainerEntityManagerFactoryBean : Initialized JPA EntityManagerFactory for persistence unit 'default'
2023-11-12 06:00:54.781  WARN 5596 --- [           main] JpaBaseConfiguration$JpaWebConfiguration : spring.jpa.open-in-view is enabled by default. Therefore, database queries may be performed during view rendering. Explicitly configure spring.jpa.open-in-view to disable this warning
2023-11-12 06:00:59.280  INFO 5596 --- [           main] o.s.b.t.m.w.SpringBootMockServletContext : Initializing Spring TestDispatcherServlet ''
2023-11-12 06:00:59.284  INFO 5596 --- [           main] o.s.t.web.servlet.TestDispatcherServlet  : Initializing Servlet ''
2023-11-12 06:00:59.286  INFO 5596 --- [           main] o.s.t.web.servlet.TestDispatcherServlet  : Completed initialization in 2 ms
2023-11-12 06:00:59.481  INFO 5596 --- [           main] com.example.song.SongControllerTests     : Started SongControllerTests in 12.794 seconds (JVM running for 88.793)
2023-11-12 06:00:59.780  WARN 5596 --- [           main] o.s.test.context.TestContextManager      : Caught exception while invoking 'beforeTestMethod' callback on TestExecutionListener [org.springframework.test.context.jdbc.SqlScriptsTestExecutionListener@5d2e65bd] for test method [public void com.example.song.SongControllerTests.testgetSongs() throws java.lang.Exception] and test instance [com.example.song.SongControllerTests@441016d6]

org.springframework.jdbc.datasource.init.ScriptStatementFailedException: Failed to execute SQL script statement #1 of class path resource [data.sql]: INSERT INTO playlist (songName, lyricist, singer, musicDirector) SELECT 'Butta Bomma', 'Ramajogayya Sastry', 'Armaan Malik', 'Thaman S' WHERE NOT EXISTS (SELECT 1 FROM playlist WHERE songid = 1); nested exception is org.h2.jdbc.JdbcSQLSyntaxErrorException: Column "SONGNAME" not found; SQL statement:
INSERT INTO playlist (songName, lyricist, singer, musicDirector) SELECT 'Butta Bomma', 'Ramajogayya Sastry', 'Armaan Malik', 'Thaman S' WHERE NOT EXISTS (SELECT 1 FROM playlist WHERE songid = 1) [42122-214]
	at org.springframework.jdbc.datasource.init.ScriptUtils.executeSqlScript(ScriptUtils.java:282) ~[spring-jdbc-5.3.24.jar:5.3.24]
	at org.springframework.jdbc.datasource.init.ResourceDatabasePopulator.populate(ResourceDatabasePopulator.java:254) ~[spring-jdbc-5.3.24.jar:5.3.24]
	at org.springframework.jdbc.datasource.init.DatabasePopulatorUtils.execute(DatabasePopulatorUtils.java:54) ~[spring-jdbc-5.3.24.jar:5.3.24]
	at org.springframework.jdbc.datasource.init.ResourceDatabasePopulator.execute(ResourceDatabasePopulator.java:269) ~[spring-jdbc-5.3.24.jar:5.3.24]
	at org.springframework.test.context.jdbc.SqlScriptsTestExecutionListener.lambda$executeSqlScripts$4(SqlScriptsTestExecutionListener.java:279) ~[spring-test-5.3.24.jar:5.3.24]
	at org.springframework.transaction.support.TransactionOperations.lambda$executeWithoutResult$0(TransactionOperations.java:68) ~[spring-tx-5.3.25.jar:5.3.25]
	at org.springframework.transaction.support.TransactionTemplate.execute(TransactionTemplate.java:140) ~[spring-tx-5.3.25.jar:5.3.25]
	at org.springframework.transaction.support.TransactionOperations.executeWithoutResult(TransactionOperations.java:67) ~[spring-tx-5.3.25.jar:5.3.25]
	at org.springframework.test.context.jdbc.SqlScriptsTestExecutionListener.executeSqlScripts(SqlScriptsTestExecutionListener.java:279) ~[spring-test-5.3.24.jar:5.3.24]
	at org.springframework.test.context.jdbc.SqlScriptsTestExecutionListener.lambda$executeSqlScripts$0(SqlScriptsTestExecutionListener.java:201) ~[spring-test-5.3.24.jar:5.3.24]
	at java.lang.Iterable.forEach(Iterable.java:75) ~[na:1.8.0_342]
	at org.springframework.test.context.jdbc.SqlScriptsTestExecutionListener.executeSqlScripts(SqlScriptsTestExecutionListener.java:201) ~[spring-test-5.3.24.jar:5.3.24]
	at org.springframework.test.context.jdbc.SqlScriptsTestExecutionListener.executeSqlScripts(SqlScriptsTestExecutionListener.java:148) ~[spring-test-5.3.24.jar:5.3.24]
	at org.springframework.test.context.jdbc.SqlScriptsTestExecutionListener.beforeTestMethod(SqlScriptsTestExecutionListener.java:118) ~[spring-test-5.3.24.jar:5.3.24]
	at org.springframework.test.context.TestContextManager.beforeTestMethod(TestContextManager.java:293) ~[spring-test-5.3.24.jar:5.3.24]
	at org.springframework.test.context.junit.jupiter.SpringExtension.beforeEach(SpringExtension.java:174) [spring-test-5.3.24.jar:5.3.24]
	at org.junit.jupiter.engine.descriptor.TestMethodTestDescriptor.lambda$invokeBeforeEachCallbacks$2(TestMethodTestDescriptor.java:163) [junit-jupiter-engine-5.8.2.jar:5.8.2]
	at org.junit.jupiter.engine.descriptor.TestMethodTestDescriptor.lambda$invokeBeforeMethodsOrCallbacksUntilExceptionOccurs$6(TestMethodTestDescriptor.java:199) [junit-jupiter-engine-5.8.2.jar:5.8.2]
	at org.junit.platform.engine.support.hierarchical.ThrowableCollector.execute(ThrowableCollector.java:73) ~[junit-platform-engine-1.8.2.jar:1.8.2]
	at org.junit.jupiter.engine.descriptor.TestMethodTestDescriptor.invokeBeforeMethodsOrCallbacksUntilExceptionOccurs(TestMethodTestDescriptor.java:199) [junit-jupiter-engine-5.8.2.jar:5.8.2]
	at org.junit.jupiter.engine.descriptor.TestMethodTestDescriptor.invokeBeforeEachCallbacks(TestMethodTestDescriptor.java:162) [junit-jupiter-engine-5.8.2.jar:5.8.2]
	at org.junit.jupiter.engine.descriptor.TestMethodTestDescriptor.execute(TestMethodTestDescriptor.java:129) [junit-jupiter-engine-5.8.2.jar:5.8.2]
	at org.junit.jupiter.engine.descriptor.TestMethodTestDescriptor.execute(TestMethodTestDescriptor.java:66) [junit-jupiter-engine-5.8.2.jar:5.8.2]
	at org.junit.platform.engine.support.hierarchical.NodeTestTask.lambda$executeRecursively$6(NodeTestTask.java:151) ~[junit-platform-engine-1.8.2.jar:1.8.2]
	at org.junit.platform.engine.support.hierarchical.ThrowableCollector.execute(ThrowableCollector.java:73) ~[junit-platform-engine-1.8.2.jar:1.8.2]
	at org.junit.platform.engine.support.hierarchical.NodeTestTask.lambda$executeRecursively$8(NodeTestTask.java:141) ~[junit-platform-engine-1.8.2.jar:1.8.2]
	at org.junit.platform.engine.support.hierarchical.Node.around(Node.java:137) ~[junit-platform-engine-1.8.2.jar:1.8.2]
	at org.junit.platform.engine.support.hierarchical.NodeTestTask.lambda$executeRecursively$9(NodeTestTask.java:139) ~[junit-platform-engine-1.8.2.jar:1.8.2]
	at org.junit.platform.engine.support.hierarchical.ThrowableCollector.execute(ThrowableCollector.java:73) ~[junit-platform-engine-1.8.2.jar:1.8.2]
	at org.junit.platform.engine.support.hierarchical.NodeTestTask.executeRecursively(NodeTestTask.java:138) ~[junit-platform-engine-1.8.2.jar:1.8.2]
	at org.junit.platform.engine.support.hierarchical.NodeTestTask.execute(NodeTestTask.java:95) ~[junit-platform-engine-1.8.2.jar:1.8.2]
	at java.util.ArrayList.forEach(ArrayList.java:1259) ~[na:1.8.0_342]
	at org.junit.platform.engine.support.hierarchical.SameThreadHierarchicalTestExecutorService.invokeAll(SameThreadHierarchicalTestExecutorService.java:41) ~[junit-platform-engine-1.8.2.jar:1.8.2]
	at org.junit.platform.engine.support.hierarchical.NodeTestTask.lambda$executeRecursively$6(NodeTestTask.java:155) ~[junit-platform-engine-1.8.2.jar:1.8.2]
	at org.junit.platform.engine.support.hierarchical.ThrowableCollector.execute(ThrowableCollector.java:73) ~[junit-platform-engine-1.8.2.jar:1.8.2]
	at org.junit.platform.engine.support.hierarchical.NodeTestTask.lambda$executeRecursively$8(NodeTestTask.java:141) ~[junit-platform-engine-1.8.2.jar:1.8.2]
	at org.junit.platform.engine.support.hierarchical.Node.around(Node.java:137) ~[junit-platform-engine-1.8.2.jar:1.8.2]
	at org.junit.platform.engine.support.hierarchical.NodeTestTask.lambda$executeRecursively$9(NodeTestTask.java:139) ~[junit-platform-engine-1.8.2.jar:1.8.2]
	at org.junit.platform.engine.support.hierarchical.ThrowableCollector.execute(ThrowableCollector.java:73) ~[junit-platform-engine-1.8.2.jar:1.8.2]
	at org.junit.platform.engine.support.hierarchical.NodeTestTask.executeRecursively(NodeTestTask.java:138) ~[junit-platform-engine-1.8.2.jar:1.8.2]
	at org.junit.platform.engine.support.hierarchical.NodeTestTask.execute(NodeTestTask.java:95) ~[junit-platform-engine-1.8.2.jar:1.8.2]
	at java.util.ArrayList.forEach(ArrayList.java:1259) ~[na:1.8.0_342]
	at org.junit.platform.engine.support.hierarchical.SameThreadHierarchicalTestExecutorService.invokeAll(SameThreadHierarchicalTestExecutorService.java:41) ~[junit-platform-engine-1.8.2.jar:1.8.2]
	at org.junit.platform.engine.support.hierarchical.NodeTestTask.lambda$executeRecursively$6(NodeTestTask.java:155) ~[junit-platform-engine-1.8.2.jar:1.8.2]
	at org.junit.platform.engine.support.hierarchical.ThrowableCollector.execute(ThrowableCollector.java:73) ~[junit-platform-engine-1.8.2.jar:1.8.2]
	at org.junit.platform.engine.support.hierarchical.NodeTestTask.lambda$executeRecursively$8(NodeTestTask.java:141) ~[junit-platform-engine-1.8.2.jar:1.8.2]
	at org.junit.platform.engine.support.hierarchical.Node.around(Node.java:137) ~[junit-platform-engine-1.8.2.jar:1.8.2]
	at org.junit.platform.engine.support.hierarchical.NodeTestTask.lambda$executeRecursively$9(NodeTestTask.java:139) ~[junit-platform-engine-1.8.2.jar:1.8.2]
	at org.junit.platform.engine.support.hierarchical.ThrowableCollector.execute(ThrowableCollector.java:73) ~[junit-platform-engine-1.8.2.jar:1.8.2]
	at org.junit.platform.engine.support.hierarchical.NodeTestTask.executeRecursively(NodeTestTask.java:138) ~[junit-platform-engine-1.8.2.jar:1.8.2]
	at org.junit.platform.engine.support.hierarchical.NodeTestTask.execute(NodeTestTask.java:95) ~[junit-platform-engine-1.8.2.jar:1.8.2]
	at org.junit.platform.engine.support.hierarchical.SameThreadHierarchicalTestExecutorService.submit(SameThreadHierarchicalTestExecutorService.java:35) ~[junit-platform-engine-1.8.2.jar:1.8.2]
	at org.junit.platform.engine.support.hierarchical.HierarchicalTestExecutor.execute(HierarchicalTestExecutor.java:57) ~[junit-platform-engine-1.8.2.jar:1.8.2]
	at org.junit.platform.engine.support.hierarchical.HierarchicalTestEngine.execute(HierarchicalTestEngine.java:54) ~[junit-platform-engine-1.8.2.jar:1.8.2]
	at org.junit.platform.launcher.core.DefaultLauncher.execute(DefaultLauncher.java:220) ~[junit-platform-launcher-1.3.1.jar:1.3.1]
	at org.junit.platform.launcher.core.DefaultLauncher.lambda$execute$6(DefaultLauncher.java:188) ~[junit-platform-launcher-1.3.1.jar:1.3.1]
	at org.junit.platform.launcher.core.DefaultLauncher.withInterceptedStreams(DefaultLauncher.java:202) ~[junit-platform-launcher-1.3.1.jar:1.3.1]
	at org.junit.platform.launcher.core.DefaultLauncher.execute(DefaultLauncher.java:181) ~[junit-platform-launcher-1.3.1.jar:1.3.1]
	at org.junit.platform.launcher.core.DefaultLauncher.execute(DefaultLauncher.java:128) ~[junit-platform-launcher-1.3.1.jar:1.3.1]
	at org.apache.maven.surefire.junitplatform.JUnitPlatformProvider.invokeAllTests(JUnitPlatformProvider.java:150) ~[surefire-junit-platform-2.22.2.jar:2.22.2]
	at org.apache.maven.surefire.junitplatform.JUnitPlatformProvider.invoke(JUnitPlatformProvider.java:124) ~[surefire-junit-platform-2.22.2.jar:2.22.2]
	at org.apache.maven.surefire.booter.ForkedBooter.invokeProviderInSameClassLoader(ForkedBooter.java:384) ~[surefire-booter-2.22.2.jar:2.22.2]
	at org.apache.maven.surefire.booter.ForkedBooter.runSuitesInProcess(ForkedBooter.java:345) ~[surefire-booter-2.22.2.jar:2.22.2]
	at org.apache.maven.surefire.booter.ForkedBooter.execute(ForkedBooter.java:126) ~[surefire-booter-2.22.2.jar:2.22.2]
	at org.apache.maven.surefire.booter.ForkedBooter.main(ForkedBooter.java:418) ~[surefire-booter-2.22.2.jar:2.22.2]
Caused by: org.h2.jdbc.JdbcSQLSyntaxErrorException: Column "SONGNAME" not found; SQL statement:
INSERT INTO playlist (songName, lyricist, singer, musicDirector) SELECT 'Butta Bomma', 'Ramajogayya Sastry', 'Armaan Malik', 'Thaman S' WHERE NOT EXISTS (SELECT 1 FROM playlist WHERE songid = 1) [42122-214]
	at org.h2.message.DbException.getJdbcSQLException(DbException.java:502) ~[h2-2.1.214.jar:2.1.214]
	at org.h2.message.DbException.getJdbcSQLException(DbException.java:477) ~[h2-2.1.214.jar:2.1.214]
	at org.h2.message.DbException.get(DbException.java:223) ~[h2-2.1.214.jar:2.1.214]
	at org.h2.message.DbException.get(DbException.java:199) ~[h2-2.1.214.jar:2.1.214]
	at org.h2.table.Table.getColumn(Table.java:749) ~[h2-2.1.214.jar:2.1.214]
	at org.h2.command.Parser.parseColumn(Parser.java:1256) ~[h2-2.1.214.jar:2.1.214]
	at org.h2.command.Parser.parseColumnList(Parser.java:1241) ~[h2-2.1.214.jar:2.1.214]
	at org.h2.command.Parser.parseInsert(Parser.java:1641) ~[h2-2.1.214.jar:2.1.214]
	at org.h2.command.Parser.parsePrepared(Parser.java:814) ~[h2-2.1.214.jar:2.1.214]
	at org.h2.command.Parser.parse(Parser.java:689) ~[h2-2.1.214.jar:2.1.214]
	at org.h2.command.Parser.parse(Parser.java:661) ~[h2-2.1.214.jar:2.1.214]
	at org.h2.command.Parser.prepareCommand(Parser.java:569) ~[h2-2.1.214.jar:2.1.214]
	at org.h2.engine.SessionLocal.prepareLocal(SessionLocal.java:631) ~[h2-2.1.214.jar:2.1.214]
	at org.h2.engine.SessionLocal.prepareCommand(SessionLocal.java:554) ~[h2-2.1.214.jar:2.1.214]
	at org.h2.jdbc.JdbcConnection.prepareCommand(JdbcConnection.java:1116) ~[h2-2.1.214.jar:2.1.214]
	at org.h2.jdbc.JdbcStatement.executeInternal(JdbcStatement.java:237) ~[h2-2.1.214.jar:2.1.214]
	at org.h2.jdbc.JdbcStatement.execute(JdbcStatement.java:223) ~[h2-2.1.214.jar:2.1.214]
	at com.zaxxer.hikari.pool.ProxyStatement.execute(ProxyStatement.java:94) ~[HikariCP-4.0.3.jar:na]
	at com.zaxxer.hikari.pool.HikariProxyStatement.execute(HikariProxyStatement.java) ~[HikariCP-4.0.3.jar:na]
	at org.springframework.jdbc.datasource.init.ScriptUtils.executeSqlScript(ScriptUtils.java:261) ~[spring-jdbc-5.3.24.jar:5.3.24]
	... 64 common frames omitted

]]></system-out>
  </testcase>
  <testcase name="testGetNotFound" classname="com.example.song.SongControllerTests" time="0.995">
    <error message="Failed to execute SQL script statement #1 of class path resource [data.sql]: INSERT INTO playlist (songName, lyricist, singer, musicDirector) SELECT &apos;Butta Bomma&apos;, &apos;Ramajogayya Sastry&apos;, &apos;Armaan Malik&apos;, &apos;Thaman S&apos; WHERE NOT EXISTS (SELECT 1 FROM playlist WHERE songid = 1); nested exception is org.h2.jdbc.JdbcSQLSyntaxErrorException: Column &quot;SONGNAME&quot; not found; SQL statement:&#10;INSERT INTO playlist (songName, lyricist, singer, musicDirector) SELECT &apos;Butta Bomma&apos;, &apos;Ramajogayya Sastry&apos;, &apos;Armaan Malik&apos;, &apos;Thaman S&apos; WHERE NOT EXISTS (SELECT 1 FROM playlist WHERE songid = 1) [42122-214]" type="org.springframework.jdbc.datasource.init.ScriptStatementFailedException">org.springframework.jdbc.datasource.init.ScriptStatementFailedException: 
Failed to execute SQL script statement #1 of class path resource [data.sql]: INSERT INTO playlist (songName, lyricist, singer, musicDirector) SELECT 'Butta Bomma', 'Ramajogayya Sastry', 'Armaan Malik', 'Thaman S' WHERE NOT EXISTS (SELECT 1 FROM playlist WHERE songid = 1); nested exception is org.h2.jdbc.JdbcSQLSyntaxErrorException: Column "SONGNAME" not found; SQL statement:
INSERT INTO playlist (songName, lyricist, singer, musicDirector) SELECT 'Butta Bomma', 'Ramajogayya Sastry', 'Armaan Malik', 'Thaman S' WHERE NOT EXISTS (SELECT 1 FROM playlist WHERE songid = 1) [42122-214]
Caused by: org.h2.jdbc.JdbcSQLSyntaxErrorException: 
Column "SONGNAME" not found; SQL statement:
INSERT INTO playlist (songName, lyricist, singer, musicDirector) SELECT 'Butta Bomma', 'Ramajogayya Sastry', 'Armaan Malik', 'Thaman S' WHERE NOT EXISTS (SELECT 1 FROM playlist WHERE songid = 1) [42122-214]
</error>
    <system-out><![CDATA[2023-11-12 06:01:00.083  WARN 5596 --- [           main] o.s.test.context.TestContextManager      : Caught exception while invoking 'beforeTestMethod' callback on TestExecutionListener [org.springframework.test.context.jdbc.SqlScriptsTestExecutionListener@5d2e65bd] for test method [public void com.example.song.SongControllerTests.testGetNotFound() throws java.lang.Exception] and test instance [com.example.song.SongControllerTests@441016d6]

org.springframework.jdbc.datasource.init.ScriptStatementFailedException: Failed to execute SQL script statement #1 of class path resource [data.sql]: INSERT INTO playlist (songName, lyricist, singer, musicDirector) SELECT 'Butta Bomma', 'Ramajogayya Sastry', 'Armaan Malik', 'Thaman S' WHERE NOT EXISTS (SELECT 1 FROM playlist WHERE songid = 1); nested exception is org.h2.jdbc.JdbcSQLSyntaxErrorException: Column "SONGNAME" not found; SQL statement:
INSERT INTO playlist (songName, lyricist, singer, musicDirector) SELECT 'Butta Bomma', 'Ramajogayya Sastry', 'Armaan Malik', 'Thaman S' WHERE NOT EXISTS (SELECT 1 FROM playlist WHERE songid = 1) [42122-214]
	at org.springframework.jdbc.datasource.init.ScriptUtils.executeSqlScript(ScriptUtils.java:282) ~[spring-jdbc-5.3.24.jar:5.3.24]
	at org.springframework.jdbc.datasource.init.ResourceDatabasePopulator.populate(ResourceDatabasePopulator.java:254) ~[spring-jdbc-5.3.24.jar:5.3.24]
	at org.springframework.jdbc.datasource.init.DatabasePopulatorUtils.execute(DatabasePopulatorUtils.java:54) ~[spring-jdbc-5.3.24.jar:5.3.24]
	at org.springframework.jdbc.datasource.init.ResourceDatabasePopulator.execute(ResourceDatabasePopulator.java:269) ~[spring-jdbc-5.3.24.jar:5.3.24]
	at org.springframework.test.context.jdbc.SqlScriptsTestExecutionListener.lambda$executeSqlScripts$4(SqlScriptsTestExecutionListener.java:279) ~[spring-test-5.3.24.jar:5.3.24]
	at org.springframework.transaction.support.TransactionOperations.lambda$executeWithoutResult$0(TransactionOperations.java:68) ~[spring-tx-5.3.25.jar:5.3.25]
	at org.springframework.transaction.support.TransactionTemplate.execute(TransactionTemplate.java:140) ~[spring-tx-5.3.25.jar:5.3.25]
	at org.springframework.transaction.support.TransactionOperations.executeWithoutResult(TransactionOperations.java:67) ~[spring-tx-5.3.25.jar:5.3.25]
	at org.springframework.test.context.jdbc.SqlScriptsTestExecutionListener.executeSqlScripts(SqlScriptsTestExecutionListener.java:279) ~[spring-test-5.3.24.jar:5.3.24]
	at org.springframework.test.context.jdbc.SqlScriptsTestExecutionListener.lambda$executeSqlScripts$0(SqlScriptsTestExecutionListener.java:201) ~[spring-test-5.3.24.jar:5.3.24]
	at java.lang.Iterable.forEach(Iterable.java:75) ~[na:1.8.0_342]
	at org.springframework.test.context.jdbc.SqlScriptsTestExecutionListener.executeSqlScripts(SqlScriptsTestExecutionListener.java:201) ~[spring-test-5.3.24.jar:5.3.24]
	at org.springframework.test.context.jdbc.SqlScriptsTestExecutionListener.executeSqlScripts(SqlScriptsTestExecutionListener.java:148) ~[spring-test-5.3.24.jar:5.3.24]
	at org.springframework.test.context.jdbc.SqlScriptsTestExecutionListener.beforeTestMethod(SqlScriptsTestExecutionListener.java:118) ~[spring-test-5.3.24.jar:5.3.24]
	at org.springframework.test.context.TestContextManager.beforeTestMethod(TestContextManager.java:293) ~[spring-test-5.3.24.jar:5.3.24]
	at org.springframework.test.context.junit.jupiter.SpringExtension.beforeEach(SpringExtension.java:174) [spring-test-5.3.24.jar:5.3.24]
	at org.junit.jupiter.engine.descriptor.TestMethodTestDescriptor.lambda$invokeBeforeEachCallbacks$2(TestMethodTestDescriptor.java:163) [junit-jupiter-engine-5.8.2.jar:5.8.2]
	at org.junit.jupiter.engine.descriptor.TestMethodTestDescriptor.lambda$invokeBeforeMethodsOrCallbacksUntilExceptionOccurs$6(TestMethodTestDescriptor.java:199) [junit-jupiter-engine-5.8.2.jar:5.8.2]
	at org.junit.platform.engine.support.hierarchical.ThrowableCollector.execute(ThrowableCollector.java:73) ~[junit-platform-engine-1.8.2.jar:1.8.2]
	at org.junit.jupiter.engine.descriptor.TestMethodTestDescriptor.invokeBeforeMethodsOrCallbacksUntilExceptionOccurs(TestMethodTestDescriptor.java:199) [junit-jupiter-engine-5.8.2.jar:5.8.2]
	at org.junit.jupiter.engine.descriptor.TestMethodTestDescriptor.invokeBeforeEachCallbacks(TestMethodTestDescriptor.java:162) [junit-jupiter-engine-5.8.2.jar:5.8.2]
	at org.junit.jupiter.engine.descriptor.TestMethodTestDescriptor.execute(TestMethodTestDescriptor.java:129) [junit-jupiter-engine-5.8.2.jar:5.8.2]
	at org.junit.jupiter.engine.descriptor.TestMethodTestDescriptor.execute(TestMethodTestDescriptor.java:66) [junit-jupiter-engine-5.8.2.jar:5.8.2]
	at org.junit.platform.engine.support.hierarchical.NodeTestTask.lambda$executeRecursively$6(NodeTestTask.java:151) ~[junit-platform-engine-1.8.2.jar:1.8.2]
	at org.junit.platform.engine.support.hierarchical.ThrowableCollector.execute(ThrowableCollector.java:73) ~[junit-platform-engine-1.8.2.jar:1.8.2]
	at org.junit.platform.engine.support.hierarchical.NodeTestTask.lambda$executeRecursively$8(NodeTestTask.java:141) ~[junit-platform-engine-1.8.2.jar:1.8.2]
	at org.junit.platform.engine.support.hierarchical.Node.around(Node.java:137) ~[junit-platform-engine-1.8.2.jar:1.8.2]
	at org.junit.platform.engine.support.hierarchical.NodeTestTask.lambda$executeRecursively$9(NodeTestTask.java:139) ~[junit-platform-engine-1.8.2.jar:1.8.2]
	at org.junit.platform.engine.support.hierarchical.ThrowableCollector.execute(ThrowableCollector.java:73) ~[junit-platform-engine-1.8.2.jar:1.8.2]
	at org.junit.platform.engine.support.hierarchical.NodeTestTask.executeRecursively(NodeTestTask.java:138) ~[junit-platform-engine-1.8.2.jar:1.8.2]
	at org.junit.platform.engine.support.hierarchical.NodeTestTask.execute(NodeTestTask.java:95) ~[junit-platform-engine-1.8.2.jar:1.8.2]
	at java.util.ArrayList.forEach(ArrayList.java:1259) ~[na:1.8.0_342]
	at org.junit.platform.engine.support.hierarchical.SameThreadHierarchicalTestExecutorService.invokeAll(SameThreadHierarchicalTestExecutorService.java:41) ~[junit-platform-engine-1.8.2.jar:1.8.2]
	at org.junit.platform.engine.support.hierarchical.NodeTestTask.lambda$executeRecursively$6(NodeTestTask.java:155) ~[junit-platform-engine-1.8.2.jar:1.8.2]
	at org.junit.platform.engine.support.hierarchical.ThrowableCollector.execute(ThrowableCollector.java:73) ~[junit-platform-engine-1.8.2.jar:1.8.2]
	at org.junit.platform.engine.support.hierarchical.NodeTestTask.lambda$executeRecursively$8(NodeTestTask.java:141) ~[junit-platform-engine-1.8.2.jar:1.8.2]
	at org.junit.platform.engine.support.hierarchical.Node.around(Node.java:137) ~[junit-platform-engine-1.8.2.jar:1.8.2]
	at org.junit.platform.engine.support.hierarchical.NodeTestTask.lambda$executeRecursively$9(NodeTestTask.java:139) ~[junit-platform-engine-1.8.2.jar:1.8.2]
	at org.junit.platform.engine.support.hierarchical.ThrowableCollector.execute(ThrowableCollector.java:73) ~[junit-platform-engine-1.8.2.jar:1.8.2]
	at org.junit.platform.engine.support.hierarchical.NodeTestTask.executeRecursively(NodeTestTask.java:138) ~[junit-platform-engine-1.8.2.jar:1.8.2]
	at org.junit.platform.engine.support.hierarchical.NodeTestTask.execute(NodeTestTask.java:95) ~[junit-platform-engine-1.8.2.jar:1.8.2]
	at java.util.ArrayList.forEach(ArrayList.java:1259) ~[na:1.8.0_342]
	at org.junit.platform.engine.support.hierarchical.SameThreadHierarchicalTestExecutorService.invokeAll(SameThreadHierarchicalTestExecutorService.java:41) ~[junit-platform-engine-1.8.2.jar:1.8.2]
	at org.junit.platform.engine.support.hierarchical.NodeTestTask.lambda$executeRecursively$6(NodeTestTask.java:155) ~[junit-platform-engine-1.8.2.jar:1.8.2]
	at org.junit.platform.engine.support.hierarchical.ThrowableCollector.execute(ThrowableCollector.java:73) ~[junit-platform-engine-1.8.2.jar:1.8.2]
	at org.junit.platform.engine.support.hierarchical.NodeTestTask.lambda$executeRecursively$8(NodeTestTask.java:141) ~[junit-platform-engine-1.8.2.jar:1.8.2]
	at org.junit.platform.engine.support.hierarchical.Node.around(Node.java:137) ~[junit-platform-engine-1.8.2.jar:1.8.2]
	at org.junit.platform.engine.support.hierarchical.NodeTestTask.lambda$executeRecursively$9(NodeTestTask.java:139) ~[junit-platform-engine-1.8.2.jar:1.8.2]
	at org.junit.platform.engine.support.hierarchical.ThrowableCollector.execute(ThrowableCollector.java:73) ~[junit-platform-engine-1.8.2.jar:1.8.2]
	at org.junit.platform.engine.support.hierarchical.NodeTestTask.executeRecursively(NodeTestTask.java:138) ~[junit-platform-engine-1.8.2.jar:1.8.2]
	at org.junit.platform.engine.support.hierarchical.NodeTestTask.execute(NodeTestTask.java:95) ~[junit-platform-engine-1.8.2.jar:1.8.2]
	at org.junit.platform.engine.support.hierarchical.SameThreadHierarchicalTestExecutorService.submit(SameThreadHierarchicalTestExecutorService.java:35) ~[junit-platform-engine-1.8.2.jar:1.8.2]
	at org.junit.platform.engine.support.hierarchical.HierarchicalTestExecutor.execute(HierarchicalTestExecutor.java:57) ~[junit-platform-engine-1.8.2.jar:1.8.2]
	at org.junit.platform.engine.support.hierarchical.HierarchicalTestEngine.execute(HierarchicalTestEngine.java:54) ~[junit-platform-engine-1.8.2.jar:1.8.2]
	at org.junit.platform.launcher.core.DefaultLauncher.execute(DefaultLauncher.java:220) ~[junit-platform-launcher-1.3.1.jar:1.3.1]
	at org.junit.platform.launcher.core.DefaultLauncher.lambda$execute$6(DefaultLauncher.java:188) ~[junit-platform-launcher-1.3.1.jar:1.3.1]
	at org.junit.platform.launcher.core.DefaultLauncher.withInterceptedStreams(DefaultLauncher.java:202) ~[junit-platform-launcher-1.3.1.jar:1.3.1]
	at org.junit.platform.launcher.core.DefaultLauncher.execute(DefaultLauncher.java:181) ~[junit-platform-launcher-1.3.1.jar:1.3.1]
	at org.junit.platform.launcher.core.DefaultLauncher.execute(DefaultLauncher.java:128) ~[junit-platform-launcher-1.3.1.jar:1.3.1]
	at org.apache.maven.surefire.junitplatform.JUnitPlatformProvider.invokeAllTests(JUnitPlatformProvider.java:150) ~[surefire-junit-platform-2.22.2.jar:2.22.2]
	at org.apache.maven.surefire.junitplatform.JUnitPlatformProvider.invoke(JUnitPlatformProvider.java:124) ~[surefire-junit-platform-2.22.2.jar:2.22.2]
	at org.apache.maven.surefire.booter.ForkedBooter.invokeProviderInSameClassLoader(ForkedBooter.java:384) ~[surefire-booter-2.22.2.jar:2.22.2]
	at org.apache.maven.surefire.booter.ForkedBooter.runSuitesInProcess(ForkedBooter.java:345) ~[surefire-booter-2.22.2.jar:2.22.2]
	at org.apache.maven.surefire.booter.ForkedBooter.execute(ForkedBooter.java:126) ~[surefire-booter-2.22.2.jar:2.22.2]
	at org.apache.maven.surefire.booter.ForkedBooter.main(ForkedBooter.java:418) ~[surefire-booter-2.22.2.jar:2.22.2]
Caused by: org.h2.jdbc.JdbcSQLSyntaxErrorException: Column "SONGNAME" not found; SQL statement:
INSERT INTO playlist (songName, lyricist, singer, musicDirector) SELECT 'Butta Bomma', 'Ramajogayya Sastry', 'Armaan Malik', 'Thaman S' WHERE NOT EXISTS (SELECT 1 FROM playlist WHERE songid = 1) [42122-214]
	at org.h2.message.DbException.getJdbcSQLException(DbException.java:502) ~[h2-2.1.214.jar:2.1.214]
	at org.h2.message.DbException.getJdbcSQLException(DbException.java:477) ~[h2-2.1.214.jar:2.1.214]
	at org.h2.message.DbException.get(DbException.java:223) ~[h2-2.1.214.jar:2.1.214]
	at org.h2.message.DbException.get(DbException.java:199) ~[h2-2.1.214.jar:2.1.214]
	at org.h2.table.Table.getColumn(Table.java:749) ~[h2-2.1.214.jar:2.1.214]
	at org.h2.command.Parser.parseColumn(Parser.java:1256) ~[h2-2.1.214.jar:2.1.214]
	at org.h2.command.Parser.parseColumnList(Parser.java:1241) ~[h2-2.1.214.jar:2.1.214]
	at org.h2.command.Parser.parseInsert(Parser.java:1641) ~[h2-2.1.214.jar:2.1.214]
	at org.h2.command.Parser.parsePrepared(Parser.java:814) ~[h2-2.1.214.jar:2.1.214]
	at org.h2.command.Parser.parse(Parser.java:689) ~[h2-2.1.214.jar:2.1.214]
	at org.h2.command.Parser.parse(Parser.java:661) ~[h2-2.1.214.jar:2.1.214]
	at org.h2.command.Parser.prepareCommand(Parser.java:569) ~[h2-2.1.214.jar:2.1.214]
	at org.h2.engine.SessionLocal.prepareLocal(SessionLocal.java:631) ~[h2-2.1.214.jar:2.1.214]
	at org.h2.engine.SessionLocal.prepareCommand(SessionLocal.java:554) ~[h2-2.1.214.jar:2.1.214]
	at org.h2.jdbc.JdbcConnection.prepareCommand(JdbcConnection.java:1116) ~[h2-2.1.214.jar:2.1.214]
	at org.h2.jdbc.JdbcStatement.executeInternal(JdbcStatement.java:237) ~[h2-2.1.214.jar:2.1.214]
	at org.h2.jdbc.JdbcStatement.execute(JdbcStatement.java:223) ~[h2-2.1.214.jar:2.1.214]
	at com.zaxxer.hikari.pool.ProxyStatement.execute(ProxyStatement.java:94) ~[HikariCP-4.0.3.jar:na]
	at com.zaxxer.hikari.pool.HikariProxyStatement.execute(HikariProxyStatement.java) ~[HikariCP-4.0.3.jar:na]
	at org.springframework.jdbc.datasource.init.ScriptUtils.executeSqlScript(ScriptUtils.java:261) ~[spring-jdbc-5.3.24.jar:5.3.24]
	... 64 common frames omitted

]]></system-out>
  </testcase>
  <testcase name="testGetSongById" classname="com.example.song.SongControllerTests" time="0.804">
    <error message="Failed to execute SQL script statement #1 of class path resource [data.sql]: INSERT INTO playlist (songName, lyricist, singer, musicDirector) SELECT &apos;Butta Bomma&apos;, &apos;Ramajogayya Sastry&apos;, &apos;Armaan Malik&apos;, &apos;Thaman S&apos; WHERE NOT EXISTS (SELECT 1 FROM playlist WHERE songid = 1); nested exception is org.h2.jdbc.JdbcSQLSyntaxErrorException: Column &quot;SONGNAME&quot; not found; SQL statement:&#10;INSERT INTO playlist (songName, lyricist, singer, musicDirector) SELECT &apos;Butta Bomma&apos;, &apos;Ramajogayya Sastry&apos;, &apos;Armaan Malik&apos;, &apos;Thaman S&apos; WHERE NOT EXISTS (SELECT 1 FROM playlist WHERE songid = 1) [42122-214]" type="org.springframework.jdbc.datasource.init.ScriptStatementFailedException">org.springframework.jdbc.datasource.init.ScriptStatementFailedException: 
Failed to execute SQL script statement #1 of class path resource [data.sql]: INSERT INTO playlist (songName, lyricist, singer, musicDirector) SELECT 'Butta Bomma', 'Ramajogayya Sastry', 'Armaan Malik', 'Thaman S' WHERE NOT EXISTS (SELECT 1 FROM playlist WHERE songid = 1); nested exception is org.h2.jdbc.JdbcSQLSyntaxErrorException: Column "SONGNAME" not found; SQL statement:
INSERT INTO playlist (songName, lyricist, singer, musicDirector) SELECT 'Butta Bomma', 'Ramajogayya Sastry', 'Armaan Malik', 'Thaman S' WHERE NOT EXISTS (SELECT 1 FROM playlist WHERE songid = 1) [42122-214]
Caused by: org.h2.jdbc.JdbcSQLSyntaxErrorException: 
Column "SONGNAME" not found; SQL statement:
INSERT INTO playlist (songName, lyricist, singer, musicDirector) SELECT 'Butta Bomma', 'Ramajogayya Sastry', 'Armaan Malik', 'Thaman S' WHERE NOT EXISTS (SELECT 1 FROM playlist WHERE songid = 1) [42122-214]
</error>
    <system-out><![CDATA[2023-11-12 06:01:00.193  WARN 5596 --- [           main] o.s.test.context.TestContextManager      : Caught exception while invoking 'beforeTestMethod' callback on TestExecutionListener [org.springframework.test.context.jdbc.SqlScriptsTestExecutionListener@5d2e65bd] for test method [public void com.example.song.SongControllerTests.testGetSongById() throws java.lang.Exception] and test instance [com.example.song.SongControllerTests@441016d6]

org.springframework.jdbc.datasource.init.ScriptStatementFailedException: Failed to execute SQL script statement #1 of class path resource [data.sql]: INSERT INTO playlist (songName, lyricist, singer, musicDirector) SELECT 'Butta Bomma', 'Ramajogayya Sastry', 'Armaan Malik', 'Thaman S' WHERE NOT EXISTS (SELECT 1 FROM playlist WHERE songid = 1); nested exception is org.h2.jdbc.JdbcSQLSyntaxErrorException: Column "SONGNAME" not found; SQL statement:
INSERT INTO playlist (songName, lyricist, singer, musicDirector) SELECT 'Butta Bomma', 'Ramajogayya Sastry', 'Armaan Malik', 'Thaman S' WHERE NOT EXISTS (SELECT 1 FROM playlist WHERE songid = 1) [42122-214]
	at org.springframework.jdbc.datasource.init.ScriptUtils.executeSqlScript(ScriptUtils.java:282) ~[spring-jdbc-5.3.24.jar:5.3.24]
	at org.springframework.jdbc.datasource.init.ResourceDatabasePopulator.populate(ResourceDatabasePopulator.java:254) ~[spring-jdbc-5.3.24.jar:5.3.24]
	at org.springframework.jdbc.datasource.init.DatabasePopulatorUtils.execute(DatabasePopulatorUtils.java:54) ~[spring-jdbc-5.3.24.jar:5.3.24]
	at org.springframework.jdbc.datasource.init.ResourceDatabasePopulator.execute(ResourceDatabasePopulator.java:269) ~[spring-jdbc-5.3.24.jar:5.3.24]
	at org.springframework.test.context.jdbc.SqlScriptsTestExecutionListener.lambda$executeSqlScripts$4(SqlScriptsTestExecutionListener.java:279) ~[spring-test-5.3.24.jar:5.3.24]
	at org.springframework.transaction.support.TransactionOperations.lambda$executeWithoutResult$0(TransactionOperations.java:68) ~[spring-tx-5.3.25.jar:5.3.25]
	at org.springframework.transaction.support.TransactionTemplate.execute(TransactionTemplate.java:140) ~[spring-tx-5.3.25.jar:5.3.25]
	at org.springframework.transaction.support.TransactionOperations.executeWithoutResult(TransactionOperations.java:67) ~[spring-tx-5.3.25.jar:5.3.25]
	at org.springframework.test.context.jdbc.SqlScriptsTestExecutionListener.executeSqlScripts(SqlScriptsTestExecutionListener.java:279) ~[spring-test-5.3.24.jar:5.3.24]
	at org.springframework.test.context.jdbc.SqlScriptsTestExecutionListener.lambda$executeSqlScripts$0(SqlScriptsTestExecutionListener.java:201) ~[spring-test-5.3.24.jar:5.3.24]
	at java.lang.Iterable.forEach(Iterable.java:75) ~[na:1.8.0_342]
	at org.springframework.test.context.jdbc.SqlScriptsTestExecutionListener.executeSqlScripts(SqlScriptsTestExecutionListener.java:201) ~[spring-test-5.3.24.jar:5.3.24]
	at org.springframework.test.context.jdbc.SqlScriptsTestExecutionListener.executeSqlScripts(SqlScriptsTestExecutionListener.java:148) ~[spring-test-5.3.24.jar:5.3.24]
	at org.springframework.test.context.jdbc.SqlScriptsTestExecutionListener.beforeTestMethod(SqlScriptsTestExecutionListener.java:118) ~[spring-test-5.3.24.jar:5.3.24]
	at org.springframework.test.context.TestContextManager.beforeTestMethod(TestContextManager.java:293) ~[spring-test-5.3.24.jar:5.3.24]
	at org.springframework.test.context.junit.jupiter.SpringExtension.beforeEach(SpringExtension.java:174) [spring-test-5.3.24.jar:5.3.24]
	at org.junit.jupiter.engine.descriptor.TestMethodTestDescriptor.lambda$invokeBeforeEachCallbacks$2(TestMethodTestDescriptor.java:163) [junit-jupiter-engine-5.8.2.jar:5.8.2]
	at org.junit.jupiter.engine.descriptor.TestMethodTestDescriptor.lambda$invokeBeforeMethodsOrCallbacksUntilExceptionOccurs$6(TestMethodTestDescriptor.java:199) [junit-jupiter-engine-5.8.2.jar:5.8.2]
	at org.junit.platform.engine.support.hierarchical.ThrowableCollector.execute(ThrowableCollector.java:73) ~[junit-platform-engine-1.8.2.jar:1.8.2]
	at org.junit.jupiter.engine.descriptor.TestMethodTestDescriptor.invokeBeforeMethodsOrCallbacksUntilExceptionOccurs(TestMethodTestDescriptor.java:199) [junit-jupiter-engine-5.8.2.jar:5.8.2]
	at org.junit.jupiter.engine.descriptor.TestMethodTestDescriptor.invokeBeforeEachCallbacks(TestMethodTestDescriptor.java:162) [junit-jupiter-engine-5.8.2.jar:5.8.2]
	at org.junit.jupiter.engine.descriptor.TestMethodTestDescriptor.execute(TestMethodTestDescriptor.java:129) [junit-jupiter-engine-5.8.2.jar:5.8.2]
	at org.junit.jupiter.engine.descriptor.TestMethodTestDescriptor.execute(TestMethodTestDescriptor.java:66) [junit-jupiter-engine-5.8.2.jar:5.8.2]
	at org.junit.platform.engine.support.hierarchical.NodeTestTask.lambda$executeRecursively$6(NodeTestTask.java:151) ~[junit-platform-engine-1.8.2.jar:1.8.2]
	at org.junit.platform.engine.support.hierarchical.ThrowableCollector.execute(ThrowableCollector.java:73) ~[junit-platform-engine-1.8.2.jar:1.8.2]
	at org.junit.platform.engine.support.hierarchical.NodeTestTask.lambda$executeRecursively$8(NodeTestTask.java:141) ~[junit-platform-engine-1.8.2.jar:1.8.2]
	at org.junit.platform.engine.support.hierarchical.Node.around(Node.java:137) ~[junit-platform-engine-1.8.2.jar:1.8.2]
	at org.junit.platform.engine.support.hierarchical.NodeTestTask.lambda$executeRecursively$9(NodeTestTask.java:139) ~[junit-platform-engine-1.8.2.jar:1.8.2]
	at org.junit.platform.engine.support.hierarchical.ThrowableCollector.execute(ThrowableCollector.java:73) ~[junit-platform-engine-1.8.2.jar:1.8.2]
	at org.junit.platform.engine.support.hierarchical.NodeTestTask.executeRecursively(NodeTestTask.java:138) ~[junit-platform-engine-1.8.2.jar:1.8.2]
	at org.junit.platform.engine.support.hierarchical.NodeTestTask.execute(NodeTestTask.java:95) ~[junit-platform-engine-1.8.2.jar:1.8.2]
	at java.util.ArrayList.forEach(ArrayList.java:1259) ~[na:1.8.0_342]
	at org.junit.platform.engine.support.hierarchical.SameThreadHierarchicalTestExecutorService.invokeAll(SameThreadHierarchicalTestExecutorService.java:41) ~[junit-platform-engine-1.8.2.jar:1.8.2]
	at org.junit.platform.engine.support.hierarchical.NodeTestTask.lambda$executeRecursively$6(NodeTestTask.java:155) ~[junit-platform-engine-1.8.2.jar:1.8.2]
	at org.junit.platform.engine.support.hierarchical.ThrowableCollector.execute(ThrowableCollector.java:73) ~[junit-platform-engine-1.8.2.jar:1.8.2]
	at org.junit.platform.engine.support.hierarchical.NodeTestTask.lambda$executeRecursively$8(NodeTestTask.java:141) ~[junit-platform-engine-1.8.2.jar:1.8.2]
	at org.junit.platform.engine.support.hierarchical.Node.around(Node.java:137) ~[junit-platform-engine-1.8.2.jar:1.8.2]
	at org.junit.platform.engine.support.hierarchical.NodeTestTask.lambda$executeRecursively$9(NodeTestTask.java:139) ~[junit-platform-engine-1.8.2.jar:1.8.2]
	at org.junit.platform.engine.support.hierarchical.ThrowableCollector.execute(ThrowableCollector.java:73) ~[junit-platform-engine-1.8.2.jar:1.8.2]
	at org.junit.platform.engine.support.hierarchical.NodeTestTask.executeRecursively(NodeTestTask.java:138) ~[junit-platform-engine-1.8.2.jar:1.8.2]
	at org.junit.platform.engine.support.hierarchical.NodeTestTask.execute(NodeTestTask.java:95) ~[junit-platform-engine-1.8.2.jar:1.8.2]
	at java.util.ArrayList.forEach(ArrayList.java:1259) ~[na:1.8.0_342]
	at org.junit.platform.engine.support.hierarchical.SameThreadHierarchicalTestExecutorService.invokeAll(SameThreadHierarchicalTestExecutorService.java:41) ~[junit-platform-engine-1.8.2.jar:1.8.2]
	at org.junit.platform.engine.support.hierarchical.NodeTestTask.lambda$executeRecursively$6(NodeTestTask.java:155) ~[junit-platform-engine-1.8.2.jar:1.8.2]
	at org.junit.platform.engine.support.hierarchical.ThrowableCollector.execute(ThrowableCollector.java:73) ~[junit-platform-engine-1.8.2.jar:1.8.2]
	at org.junit.platform.engine.support.hierarchical.NodeTestTask.lambda$executeRecursively$8(NodeTestTask.java:141) ~[junit-platform-engine-1.8.2.jar:1.8.2]
	at org.junit.platform.engine.support.hierarchical.Node.around(Node.java:137) ~[junit-platform-engine-1.8.2.jar:1.8.2]
	at org.junit.platform.engine.support.hierarchical.NodeTestTask.lambda$executeRecursively$9(NodeTestTask.java:139) ~[junit-platform-engine-1.8.2.jar:1.8.2]
	at org.junit.platform.engine.support.hierarchical.ThrowableCollector.execute(ThrowableCollector.java:73) ~[junit-platform-engine-1.8.2.jar:1.8.2]
	at org.junit.platform.engine.support.hierarchical.NodeTestTask.executeRecursively(NodeTestTask.java:138) ~[junit-platform-engine-1.8.2.jar:1.8.2]
	at org.junit.platform.engine.support.hierarchical.NodeTestTask.execute(NodeTestTask.java:95) ~[junit-platform-engine-1.8.2.jar:1.8.2]
	at org.junit.platform.engine.support.hierarchical.SameThreadHierarchicalTestExecutorService.submit(SameThreadHierarchicalTestExecutorService.java:35) ~[junit-platform-engine-1.8.2.jar:1.8.2]
	at org.junit.platform.engine.support.hierarchical.HierarchicalTestExecutor.execute(HierarchicalTestExecutor.java:57) ~[junit-platform-engine-1.8.2.jar:1.8.2]
	at org.junit.platform.engine.support.hierarchical.HierarchicalTestEngine.execute(HierarchicalTestEngine.java:54) ~[junit-platform-engine-1.8.2.jar:1.8.2]
	at org.junit.platform.launcher.core.DefaultLauncher.execute(DefaultLauncher.java:220) ~[junit-platform-launcher-1.3.1.jar:1.3.1]
	at org.junit.platform.launcher.core.DefaultLauncher.lambda$execute$6(DefaultLauncher.java:188) ~[junit-platform-launcher-1.3.1.jar:1.3.1]
	at org.junit.platform.launcher.core.DefaultLauncher.withInterceptedStreams(DefaultLauncher.java:202) ~[junit-platform-launcher-1.3.1.jar:1.3.1]
	at org.junit.platform.launcher.core.DefaultLauncher.execute(DefaultLauncher.java:181) ~[junit-platform-launcher-1.3.1.jar:1.3.1]
	at org.junit.platform.launcher.core.DefaultLauncher.execute(DefaultLauncher.java:128) ~[junit-platform-launcher-1.3.1.jar:1.3.1]
	at org.apache.maven.surefire.junitplatform.JUnitPlatformProvider.invokeAllTests(JUnitPlatformProvider.java:150) ~[surefire-junit-platform-2.22.2.jar:2.22.2]
	at org.apache.maven.surefire.junitplatform.JUnitPlatformProvider.invoke(JUnitPlatformProvider.java:124) ~[surefire-junit-platform-2.22.2.jar:2.22.2]
	at org.apache.maven.surefire.booter.ForkedBooter.invokeProviderInSameClassLoader(ForkedBooter.java:384) ~[surefire-booter-2.22.2.jar:2.22.2]
	at org.apache.maven.surefire.booter.ForkedBooter.runSuitesInProcess(ForkedBooter.java:345) ~[surefire-booter-2.22.2.jar:2.22.2]
	at org.apache.maven.surefire.booter.ForkedBooter.execute(ForkedBooter.java:126) ~[surefire-booter-2.22.2.jar:2.22.2]
	at org.apache.maven.surefire.booter.ForkedBooter.main(ForkedBooter.java:418) ~[surefire-booter-2.22.2.jar:2.22.2]
Caused by: org.h2.jdbc.JdbcSQLSyntaxErrorException: Column "SONGNAME" not found; SQL statement:
INSERT INTO playlist (songName, lyricist, singer, musicDirector) SELECT 'Butta Bomma', 'Ramajogayya Sastry', 'Armaan Malik', 'Thaman S' WHERE NOT EXISTS (SELECT 1 FROM playlist WHERE songid = 1) [42122-214]
	at org.h2.message.DbException.getJdbcSQLException(DbException.java:502) ~[h2-2.1.214.jar:2.1.214]
	at org.h2.message.DbException.getJdbcSQLException(DbException.java:477) ~[h2-2.1.214.jar:2.1.214]
	at org.h2.message.DbException.get(DbException.java:223) ~[h2-2.1.214.jar:2.1.214]
	at org.h2.message.DbException.get(DbException.java:199) ~[h2-2.1.214.jar:2.1.214]
	at org.h2.table.Table.getColumn(Table.java:749) ~[h2-2.1.214.jar:2.1.214]
	at org.h2.command.Parser.parseColumn(Parser.java:1256) ~[h2-2.1.214.jar:2.1.214]
	at org.h2.command.Parser.parseColumnList(Parser.java:1241) ~[h2-2.1.214.jar:2.1.214]
	at org.h2.command.Parser.parseInsert(Parser.java:1641) ~[h2-2.1.214.jar:2.1.214]
	at org.h2.command.Parser.parsePrepared(Parser.java:814) ~[h2-2.1.214.jar:2.1.214]
	at org.h2.command.Parser.parse(Parser.java:689) ~[h2-2.1.214.jar:2.1.214]
	at org.h2.command.Parser.parse(Parser.java:661) ~[h2-2.1.214.jar:2.1.214]
	at org.h2.command.Parser.prepareCommand(Parser.java:569) ~[h2-2.1.214.jar:2.1.214]
	at org.h2.engine.SessionLocal.prepareLocal(SessionLocal.java:631) ~[h2-2.1.214.jar:2.1.214]
	at org.h2.engine.SessionLocal.prepareCommand(SessionLocal.java:554) ~[h2-2.1.214.jar:2.1.214]
	at org.h2.jdbc.JdbcConnection.prepareCommand(JdbcConnection.java:1116) ~[h2-2.1.214.jar:2.1.214]
	at org.h2.jdbc.JdbcStatement.executeInternal(JdbcStatement.java:237) ~[h2-2.1.214.jar:2.1.214]
	at org.h2.jdbc.JdbcStatement.execute(JdbcStatement.java:223) ~[h2-2.1.214.jar:2.1.214]
	at com.zaxxer.hikari.pool.ProxyStatement.execute(ProxyStatement.java:94) ~[HikariCP-4.0.3.jar:na]
	at com.zaxxer.hikari.pool.HikariProxyStatement.execute(HikariProxyStatement.java) ~[HikariCP-4.0.3.jar:na]
	at org.springframework.jdbc.datasource.init.ScriptUtils.executeSqlScript(ScriptUtils.java:261) ~[spring-jdbc-5.3.24.jar:5.3.24]
	... 64 common frames omitted

]]></system-out>
  </testcase>
  <testcase name="testPostSong" classname="com.example.song.SongControllerTests" time="0.415">
    <error message="Failed to execute SQL script statement #1 of class path resource [data.sql]: INSERT INTO playlist (songName, lyricist, singer, musicDirector) SELECT &apos;Butta Bomma&apos;, &apos;Ramajogayya Sastry&apos;, &apos;Armaan Malik&apos;, &apos;Thaman S&apos; WHERE NOT EXISTS (SELECT 1 FROM playlist WHERE songid = 1); nested exception is org.h2.jdbc.JdbcSQLSyntaxErrorException: Column &quot;SONGNAME&quot; not found; SQL statement:&#10;INSERT INTO playlist (songName, lyricist, singer, musicDirector) SELECT &apos;Butta Bomma&apos;, &apos;Ramajogayya Sastry&apos;, &apos;Armaan Malik&apos;, &apos;Thaman S&apos; WHERE NOT EXISTS (SELECT 1 FROM playlist WHERE songid = 1) [42122-214]" type="org.springframework.jdbc.datasource.init.ScriptStatementFailedException">org.springframework.jdbc.datasource.init.ScriptStatementFailedException: 
Failed to execute SQL script statement #1 of class path resource [data.sql]: INSERT INTO playlist (songName, lyricist, singer, musicDirector) SELECT 'Butta Bomma', 'Ramajogayya Sastry', 'Armaan Malik', 'Thaman S' WHERE NOT EXISTS (SELECT 1 FROM playlist WHERE songid = 1); nested exception is org.h2.jdbc.JdbcSQLSyntaxErrorException: Column "SONGNAME" not found; SQL statement:
INSERT INTO playlist (songName, lyricist, singer, musicDirector) SELECT 'Butta Bomma', 'Ramajogayya Sastry', 'Armaan Malik', 'Thaman S' WHERE NOT EXISTS (SELECT 1 FROM playlist WHERE songid = 1) [42122-214]
Caused by: org.h2.jdbc.JdbcSQLSyntaxErrorException: 
Column "SONGNAME" not found; SQL statement:
INSERT INTO playlist (songName, lyricist, singer, musicDirector) SELECT 'Butta Bomma', 'Ramajogayya Sastry', 'Armaan Malik', 'Thaman S' WHERE NOT EXISTS (SELECT 1 FROM playlist WHERE songid = 1) [42122-214]
</error>
    <system-out><![CDATA[2023-11-12 06:01:00.294  WARN 5596 --- [           main] o.s.test.context.TestContextManager      : Caught exception while invoking 'beforeTestMethod' callback on TestExecutionListener [org.springframework.test.context.jdbc.SqlScriptsTestExecutionListener@5d2e65bd] for test method [public void com.example.song.SongControllerTests.testPostSong() throws java.lang.Exception] and test instance [com.example.song.SongControllerTests@441016d6]

org.springframework.jdbc.datasource.init.ScriptStatementFailedException: Failed to execute SQL script statement #1 of class path resource [data.sql]: INSERT INTO playlist (songName, lyricist, singer, musicDirector) SELECT 'Butta Bomma', 'Ramajogayya Sastry', 'Armaan Malik', 'Thaman S' WHERE NOT EXISTS (SELECT 1 FROM playlist WHERE songid = 1); nested exception is org.h2.jdbc.JdbcSQLSyntaxErrorException: Column "SONGNAME" not found; SQL statement:
INSERT INTO playlist (songName, lyricist, singer, musicDirector) SELECT 'Butta Bomma', 'Ramajogayya Sastry', 'Armaan Malik', 'Thaman S' WHERE NOT EXISTS (SELECT 1 FROM playlist WHERE songid = 1) [42122-214]
	at org.springframework.jdbc.datasource.init.ScriptUtils.executeSqlScript(ScriptUtils.java:282) ~[spring-jdbc-5.3.24.jar:5.3.24]
	at org.springframework.jdbc.datasource.init.ResourceDatabasePopulator.populate(ResourceDatabasePopulator.java:254) ~[spring-jdbc-5.3.24.jar:5.3.24]
	at org.springframework.jdbc.datasource.init.DatabasePopulatorUtils.execute(DatabasePopulatorUtils.java:54) ~[spring-jdbc-5.3.24.jar:5.3.24]
	at org.springframework.jdbc.datasource.init.ResourceDatabasePopulator.execute(ResourceDatabasePopulator.java:269) ~[spring-jdbc-5.3.24.jar:5.3.24]
	at org.springframework.test.context.jdbc.SqlScriptsTestExecutionListener.lambda$executeSqlScripts$4(SqlScriptsTestExecutionListener.java:279) ~[spring-test-5.3.24.jar:5.3.24]
	at org.springframework.transaction.support.TransactionOperations.lambda$executeWithoutResult$0(TransactionOperations.java:68) ~[spring-tx-5.3.25.jar:5.3.25]
	at org.springframework.transaction.support.TransactionTemplate.execute(TransactionTemplate.java:140) ~[spring-tx-5.3.25.jar:5.3.25]
	at org.springframework.transaction.support.TransactionOperations.executeWithoutResult(TransactionOperations.java:67) ~[spring-tx-5.3.25.jar:5.3.25]
	at org.springframework.test.context.jdbc.SqlScriptsTestExecutionListener.executeSqlScripts(SqlScriptsTestExecutionListener.java:279) ~[spring-test-5.3.24.jar:5.3.24]
	at org.springframework.test.context.jdbc.SqlScriptsTestExecutionListener.lambda$executeSqlScripts$0(SqlScriptsTestExecutionListener.java:201) ~[spring-test-5.3.24.jar:5.3.24]
	at java.lang.Iterable.forEach(Iterable.java:75) ~[na:1.8.0_342]
	at org.springframework.test.context.jdbc.SqlScriptsTestExecutionListener.executeSqlScripts(SqlScriptsTestExecutionListener.java:201) ~[spring-test-5.3.24.jar:5.3.24]
	at org.springframework.test.context.jdbc.SqlScriptsTestExecutionListener.executeSqlScripts(SqlScriptsTestExecutionListener.java:148) ~[spring-test-5.3.24.jar:5.3.24]
	at org.springframework.test.context.jdbc.SqlScriptsTestExecutionListener.beforeTestMethod(SqlScriptsTestExecutionListener.java:118) ~[spring-test-5.3.24.jar:5.3.24]
	at org.springframework.test.context.TestContextManager.beforeTestMethod(TestContextManager.java:293) ~[spring-test-5.3.24.jar:5.3.24]
	at org.springframework.test.context.junit.jupiter.SpringExtension.beforeEach(SpringExtension.java:174) [spring-test-5.3.24.jar:5.3.24]
	at org.junit.jupiter.engine.descriptor.TestMethodTestDescriptor.lambda$invokeBeforeEachCallbacks$2(TestMethodTestDescriptor.java:163) [junit-jupiter-engine-5.8.2.jar:5.8.2]
	at org.junit.jupiter.engine.descriptor.TestMethodTestDescriptor.lambda$invokeBeforeMethodsOrCallbacksUntilExceptionOccurs$6(TestMethodTestDescriptor.java:199) [junit-jupiter-engine-5.8.2.jar:5.8.2]
	at org.junit.platform.engine.support.hierarchical.ThrowableCollector.execute(ThrowableCollector.java:73) ~[junit-platform-engine-1.8.2.jar:1.8.2]
	at org.junit.jupiter.engine.descriptor.TestMethodTestDescriptor.invokeBeforeMethodsOrCallbacksUntilExceptionOccurs(TestMethodTestDescriptor.java:199) [junit-jupiter-engine-5.8.2.jar:5.8.2]
	at org.junit.jupiter.engine.descriptor.TestMethodTestDescriptor.invokeBeforeEachCallbacks(TestMethodTestDescriptor.java:162) [junit-jupiter-engine-5.8.2.jar:5.8.2]
	at org.junit.jupiter.engine.descriptor.TestMethodTestDescriptor.execute(TestMethodTestDescriptor.java:129) [junit-jupiter-engine-5.8.2.jar:5.8.2]
	at org.junit.jupiter.engine.descriptor.TestMethodTestDescriptor.execute(TestMethodTestDescriptor.java:66) [junit-jupiter-engine-5.8.2.jar:5.8.2]
	at org.junit.platform.engine.support.hierarchical.NodeTestTask.lambda$executeRecursively$6(NodeTestTask.java:151) ~[junit-platform-engine-1.8.2.jar:1.8.2]
	at org.junit.platform.engine.support.hierarchical.ThrowableCollector.execute(ThrowableCollector.java:73) ~[junit-platform-engine-1.8.2.jar:1.8.2]
	at org.junit.platform.engine.support.hierarchical.NodeTestTask.lambda$executeRecursively$8(NodeTestTask.java:141) ~[junit-platform-engine-1.8.2.jar:1.8.2]
	at org.junit.platform.engine.support.hierarchical.Node.around(Node.java:137) ~[junit-platform-engine-1.8.2.jar:1.8.2]
	at org.junit.platform.engine.support.hierarchical.NodeTestTask.lambda$executeRecursively$9(NodeTestTask.java:139) ~[junit-platform-engine-1.8.2.jar:1.8.2]
	at org.junit.platform.engine.support.hierarchical.ThrowableCollector.execute(ThrowableCollector.java:73) ~[junit-platform-engine-1.8.2.jar:1.8.2]
	at org.junit.platform.engine.support.hierarchical.NodeTestTask.executeRecursively(NodeTestTask.java:138) ~[junit-platform-engine-1.8.2.jar:1.8.2]
	at org.junit.platform.engine.support.hierarchical.NodeTestTask.execute(NodeTestTask.java:95) ~[junit-platform-engine-1.8.2.jar:1.8.2]
	at java.util.ArrayList.forEach(ArrayList.java:1259) ~[na:1.8.0_342]
	at org.junit.platform.engine.support.hierarchical.SameThreadHierarchicalTestExecutorService.invokeAll(SameThreadHierarchicalTestExecutorService.java:41) ~[junit-platform-engine-1.8.2.jar:1.8.2]
	at org.junit.platform.engine.support.hierarchical.NodeTestTask.lambda$executeRecursively$6(NodeTestTask.java:155) ~[junit-platform-engine-1.8.2.jar:1.8.2]
	at org.junit.platform.engine.support.hierarchical.ThrowableCollector.execute(ThrowableCollector.java:73) ~[junit-platform-engine-1.8.2.jar:1.8.2]
	at org.junit.platform.engine.support.hierarchical.NodeTestTask.lambda$executeRecursively$8(NodeTestTask.java:141) ~[junit-platform-engine-1.8.2.jar:1.8.2]
	at org.junit.platform.engine.support.hierarchical.Node.around(Node.java:137) ~[junit-platform-engine-1.8.2.jar:1.8.2]
	at org.junit.platform.engine.support.hierarchical.NodeTestTask.lambda$executeRecursively$9(NodeTestTask.java:139) ~[junit-platform-engine-1.8.2.jar:1.8.2]
	at org.junit.platform.engine.support.hierarchical.ThrowableCollector.execute(ThrowableCollector.java:73) ~[junit-platform-engine-1.8.2.jar:1.8.2]
	at org.junit.platform.engine.support.hierarchical.NodeTestTask.executeRecursively(NodeTestTask.java:138) ~[junit-platform-engine-1.8.2.jar:1.8.2]
	at org.junit.platform.engine.support.hierarchical.NodeTestTask.execute(NodeTestTask.java:95) ~[junit-platform-engine-1.8.2.jar:1.8.2]
	at java.util.ArrayList.forEach(ArrayList.java:1259) ~[na:1.8.0_342]
	at org.junit.platform.engine.support.hierarchical.SameThreadHierarchicalTestExecutorService.invokeAll(SameThreadHierarchicalTestExecutorService.java:41) ~[junit-platform-engine-1.8.2.jar:1.8.2]
	at org.junit.platform.engine.support.hierarchical.NodeTestTask.lambda$executeRecursively$6(NodeTestTask.java:155) ~[junit-platform-engine-1.8.2.jar:1.8.2]
	at org.junit.platform.engine.support.hierarchical.ThrowableCollector.execute(ThrowableCollector.java:73) ~[junit-platform-engine-1.8.2.jar:1.8.2]
	at org.junit.platform.engine.support.hierarchical.NodeTestTask.lambda$executeRecursively$8(NodeTestTask.java:141) ~[junit-platform-engine-1.8.2.jar:1.8.2]
	at org.junit.platform.engine.support.hierarchical.Node.around(Node.java:137) ~[junit-platform-engine-1.8.2.jar:1.8.2]
	at org.junit.platform.engine.support.hierarchical.NodeTestTask.lambda$executeRecursively$9(NodeTestTask.java:139) ~[junit-platform-engine-1.8.2.jar:1.8.2]
	at org.junit.platform.engine.support.hierarchical.ThrowableCollector.execute(ThrowableCollector.java:73) ~[junit-platform-engine-1.8.2.jar:1.8.2]
	at org.junit.platform.engine.support.hierarchical.NodeTestTask.executeRecursively(NodeTestTask.java:138) ~[junit-platform-engine-1.8.2.jar:1.8.2]
	at org.junit.platform.engine.support.hierarchical.NodeTestTask.execute(NodeTestTask.java:95) ~[junit-platform-engine-1.8.2.jar:1.8.2]
	at org.junit.platform.engine.support.hierarchical.SameThreadHierarchicalTestExecutorService.submit(SameThreadHierarchicalTestExecutorService.java:35) ~[junit-platform-engine-1.8.2.jar:1.8.2]
	at org.junit.platform.engine.support.hierarchical.HierarchicalTestExecutor.execute(HierarchicalTestExecutor.java:57) ~[junit-platform-engine-1.8.2.jar:1.8.2]
	at org.junit.platform.engine.support.hierarchical.HierarchicalTestEngine.execute(HierarchicalTestEngine.java:54) ~[junit-platform-engine-1.8.2.jar:1.8.2]
	at org.junit.platform.launcher.core.DefaultLauncher.execute(DefaultLauncher.java:220) ~[junit-platform-launcher-1.3.1.jar:1.3.1]
	at org.junit.platform.launcher.core.DefaultLauncher.lambda$execute$6(DefaultLauncher.java:188) ~[junit-platform-launcher-1.3.1.jar:1.3.1]
	at org.junit.platform.launcher.core.DefaultLauncher.withInterceptedStreams(DefaultLauncher.java:202) ~[junit-platform-launcher-1.3.1.jar:1.3.1]
	at org.junit.platform.launcher.core.DefaultLauncher.execute(DefaultLauncher.java:181) ~[junit-platform-launcher-1.3.1.jar:1.3.1]
	at org.junit.platform.launcher.core.DefaultLauncher.execute(DefaultLauncher.java:128) ~[junit-platform-launcher-1.3.1.jar:1.3.1]
	at org.apache.maven.surefire.junitplatform.JUnitPlatformProvider.invokeAllTests(JUnitPlatformProvider.java:150) ~[surefire-junit-platform-2.22.2.jar:2.22.2]
	at org.apache.maven.surefire.junitplatform.JUnitPlatformProvider.invoke(JUnitPlatformProvider.java:124) ~[surefire-junit-platform-2.22.2.jar:2.22.2]
	at org.apache.maven.surefire.booter.ForkedBooter.invokeProviderInSameClassLoader(ForkedBooter.java:384) ~[surefire-booter-2.22.2.jar:2.22.2]
	at org.apache.maven.surefire.booter.ForkedBooter.runSuitesInProcess(ForkedBooter.java:345) ~[surefire-booter-2.22.2.jar:2.22.2]
	at org.apache.maven.surefire.booter.ForkedBooter.execute(ForkedBooter.java:126) ~[surefire-booter-2.22.2.jar:2.22.2]
	at org.apache.maven.surefire.booter.ForkedBooter.main(ForkedBooter.java:418) ~[surefire-booter-2.22.2.jar:2.22.2]
Caused by: org.h2.jdbc.JdbcSQLSyntaxErrorException: Column "SONGNAME" not found; SQL statement:
INSERT INTO playlist (songName, lyricist, singer, musicDirector) SELECT 'Butta Bomma', 'Ramajogayya Sastry', 'Armaan Malik', 'Thaman S' WHERE NOT EXISTS (SELECT 1 FROM playlist WHERE songid = 1) [42122-214]
	at org.h2.message.DbException.getJdbcSQLException(DbException.java:502) ~[h2-2.1.214.jar:2.1.214]
	at org.h2.message.DbException.getJdbcSQLException(DbException.java:477) ~[h2-2.1.214.jar:2.1.214]
	at org.h2.message.DbException.get(DbException.java:223) ~[h2-2.1.214.jar:2.1.214]
	at org.h2.message.DbException.get(DbException.java:199) ~[h2-2.1.214.jar:2.1.214]
	at org.h2.table.Table.getColumn(Table.java:749) ~[h2-2.1.214.jar:2.1.214]
	at org.h2.command.Parser.parseColumn(Parser.java:1256) ~[h2-2.1.214.jar:2.1.214]
	at org.h2.command.Parser.parseColumnList(Parser.java:1241) ~[h2-2.1.214.jar:2.1.214]
	at org.h2.command.Parser.parseInsert(Parser.java:1641) ~[h2-2.1.214.jar:2.1.214]
	at org.h2.command.Parser.parsePrepared(Parser.java:814) ~[h2-2.1.214.jar:2.1.214]
	at org.h2.command.Parser.parse(Parser.java:689) ~[h2-2.1.214.jar:2.1.214]
	at org.h2.command.Parser.parse(Parser.java:661) ~[h2-2.1.214.jar:2.1.214]
	at org.h2.command.Parser.prepareCommand(Parser.java:569) ~[h2-2.1.214.jar:2.1.214]
	at org.h2.engine.SessionLocal.prepareLocal(SessionLocal.java:631) ~[h2-2.1.214.jar:2.1.214]
	at org.h2.engine.SessionLocal.prepareCommand(SessionLocal.java:554) ~[h2-2.1.214.jar:2.1.214]
	at org.h2.jdbc.JdbcConnection.prepareCommand(JdbcConnection.java:1116) ~[h2-2.1.214.jar:2.1.214]
	at org.h2.jdbc.JdbcStatement.executeInternal(JdbcStatement.java:237) ~[h2-2.1.214.jar:2.1.214]
	at org.h2.jdbc.JdbcStatement.execute(JdbcStatement.java:223) ~[h2-2.1.214.jar:2.1.214]
	at com.zaxxer.hikari.pool.ProxyStatement.execute(ProxyStatement.java:94) ~[HikariCP-4.0.3.jar:na]
	at com.zaxxer.hikari.pool.HikariProxyStatement.execute(HikariProxyStatement.java) ~[HikariCP-4.0.3.jar:na]
	at org.springframework.jdbc.datasource.init.ScriptUtils.executeSqlScript(ScriptUtils.java:261) ~[spring-jdbc-5.3.24.jar:5.3.24]
	... 64 common frames omitted

]]></system-out>
  </testcase>
  <testcase name="testAfterPost" classname="com.example.song.SongControllerTests" time="0.398">
    <error message="Failed to execute SQL script statement #1 of class path resource [data.sql]: INSERT INTO playlist (songName, lyricist, singer, musicDirector) SELECT &apos;Butta Bomma&apos;, &apos;Ramajogayya Sastry&apos;, &apos;Armaan Malik&apos;, &apos;Thaman S&apos; WHERE NOT EXISTS (SELECT 1 FROM playlist WHERE songid = 1); nested exception is org.h2.jdbc.JdbcSQLSyntaxErrorException: Column &quot;SONGNAME&quot; not found; SQL statement:&#10;INSERT INTO playlist (songName, lyricist, singer, musicDirector) SELECT &apos;Butta Bomma&apos;, &apos;Ramajogayya Sastry&apos;, &apos;Armaan Malik&apos;, &apos;Thaman S&apos; WHERE NOT EXISTS (SELECT 1 FROM playlist WHERE songid = 1) [42122-214]" type="org.springframework.jdbc.datasource.init.ScriptStatementFailedException">org.springframework.jdbc.datasource.init.ScriptStatementFailedException: 
Failed to execute SQL script statement #1 of class path resource [data.sql]: INSERT INTO playlist (songName, lyricist, singer, musicDirector) SELECT 'Butta Bomma', 'Ramajogayya Sastry', 'Armaan Malik', 'Thaman S' WHERE NOT EXISTS (SELECT 1 FROM playlist WHERE songid = 1); nested exception is org.h2.jdbc.JdbcSQLSyntaxErrorException: Column "SONGNAME" not found; SQL statement:
INSERT INTO playlist (songName, lyricist, singer, musicDirector) SELECT 'Butta Bomma', 'Ramajogayya Sastry', 'Armaan Malik', 'Thaman S' WHERE NOT EXISTS (SELECT 1 FROM playlist WHERE songid = 1) [42122-214]
Caused by: org.h2.jdbc.JdbcSQLSyntaxErrorException: 
Column "SONGNAME" not found; SQL statement:
INSERT INTO playlist (songName, lyricist, singer, musicDirector) SELECT 'Butta Bomma', 'Ramajogayya Sastry', 'Armaan Malik', 'Thaman S' WHERE NOT EXISTS (SELECT 1 FROM playlist WHERE songid = 1) [42122-214]
</error>
    <system-out><![CDATA[2023-11-12 06:01:00.395  WARN 5596 --- [           main] o.s.test.context.TestContextManager      : Caught exception while invoking 'beforeTestMethod' callback on TestExecutionListener [org.springframework.test.context.jdbc.SqlScriptsTestExecutionListener@5d2e65bd] for test method [public void com.example.song.SongControllerTests.testAfterPost() throws java.lang.Exception] and test instance [com.example.song.SongControllerTests@441016d6]

org.springframework.jdbc.datasource.init.ScriptStatementFailedException: Failed to execute SQL script statement #1 of class path resource [data.sql]: INSERT INTO playlist (songName, lyricist, singer, musicDirector) SELECT 'Butta Bomma', 'Ramajogayya Sastry', 'Armaan Malik', 'Thaman S' WHERE NOT EXISTS (SELECT 1 FROM playlist WHERE songid = 1); nested exception is org.h2.jdbc.JdbcSQLSyntaxErrorException: Column "SONGNAME" not found; SQL statement:
INSERT INTO playlist (songName, lyricist, singer, musicDirector) SELECT 'Butta Bomma', 'Ramajogayya Sastry', 'Armaan Malik', 'Thaman S' WHERE NOT EXISTS (SELECT 1 FROM playlist WHERE songid = 1) [42122-214]
	at org.springframework.jdbc.datasource.init.ScriptUtils.executeSqlScript(ScriptUtils.java:282) ~[spring-jdbc-5.3.24.jar:5.3.24]
	at org.springframework.jdbc.datasource.init.ResourceDatabasePopulator.populate(ResourceDatabasePopulator.java:254) ~[spring-jdbc-5.3.24.jar:5.3.24]
	at org.springframework.jdbc.datasource.init.DatabasePopulatorUtils.execute(DatabasePopulatorUtils.java:54) ~[spring-jdbc-5.3.24.jar:5.3.24]
	at org.springframework.jdbc.datasource.init.ResourceDatabasePopulator.execute(ResourceDatabasePopulator.java:269) ~[spring-jdbc-5.3.24.jar:5.3.24]
	at org.springframework.test.context.jdbc.SqlScriptsTestExecutionListener.lambda$executeSqlScripts$4(SqlScriptsTestExecutionListener.java:279) ~[spring-test-5.3.24.jar:5.3.24]
	at org.springframework.transaction.support.TransactionOperations.lambda$executeWithoutResult$0(TransactionOperations.java:68) ~[spring-tx-5.3.25.jar:5.3.25]
	at org.springframework.transaction.support.TransactionTemplate.execute(TransactionTemplate.java:140) ~[spring-tx-5.3.25.jar:5.3.25]
	at org.springframework.transaction.support.TransactionOperations.executeWithoutResult(TransactionOperations.java:67) ~[spring-tx-5.3.25.jar:5.3.25]
	at org.springframework.test.context.jdbc.SqlScriptsTestExecutionListener.executeSqlScripts(SqlScriptsTestExecutionListener.java:279) ~[spring-test-5.3.24.jar:5.3.24]
	at org.springframework.test.context.jdbc.SqlScriptsTestExecutionListener.lambda$executeSqlScripts$0(SqlScriptsTestExecutionListener.java:201) ~[spring-test-5.3.24.jar:5.3.24]
	at java.lang.Iterable.forEach(Iterable.java:75) ~[na:1.8.0_342]
	at org.springframework.test.context.jdbc.SqlScriptsTestExecutionListener.executeSqlScripts(SqlScriptsTestExecutionListener.java:201) ~[spring-test-5.3.24.jar:5.3.24]
	at org.springframework.test.context.jdbc.SqlScriptsTestExecutionListener.executeSqlScripts(SqlScriptsTestExecutionListener.java:148) ~[spring-test-5.3.24.jar:5.3.24]
	at org.springframework.test.context.jdbc.SqlScriptsTestExecutionListener.beforeTestMethod(SqlScriptsTestExecutionListener.java:118) ~[spring-test-5.3.24.jar:5.3.24]
	at org.springframework.test.context.TestContextManager.beforeTestMethod(TestContextManager.java:293) ~[spring-test-5.3.24.jar:5.3.24]
	at org.springframework.test.context.junit.jupiter.SpringExtension.beforeEach(SpringExtension.java:174) [spring-test-5.3.24.jar:5.3.24]
	at org.junit.jupiter.engine.descriptor.TestMethodTestDescriptor.lambda$invokeBeforeEachCallbacks$2(TestMethodTestDescriptor.java:163) [junit-jupiter-engine-5.8.2.jar:5.8.2]
	at org.junit.jupiter.engine.descriptor.TestMethodTestDescriptor.lambda$invokeBeforeMethodsOrCallbacksUntilExceptionOccurs$6(TestMethodTestDescriptor.java:199) [junit-jupiter-engine-5.8.2.jar:5.8.2]
	at org.junit.platform.engine.support.hierarchical.ThrowableCollector.execute(ThrowableCollector.java:73) ~[junit-platform-engine-1.8.2.jar:1.8.2]
	at org.junit.jupiter.engine.descriptor.TestMethodTestDescriptor.invokeBeforeMethodsOrCallbacksUntilExceptionOccurs(TestMethodTestDescriptor.java:199) [junit-jupiter-engine-5.8.2.jar:5.8.2]
	at org.junit.jupiter.engine.descriptor.TestMethodTestDescriptor.invokeBeforeEachCallbacks(TestMethodTestDescriptor.java:162) [junit-jupiter-engine-5.8.2.jar:5.8.2]
	at org.junit.jupiter.engine.descriptor.TestMethodTestDescriptor.execute(TestMethodTestDescriptor.java:129) [junit-jupiter-engine-5.8.2.jar:5.8.2]
	at org.junit.jupiter.engine.descriptor.TestMethodTestDescriptor.execute(TestMethodTestDescriptor.java:66) [junit-jupiter-engine-5.8.2.jar:5.8.2]
	at org.junit.platform.engine.support.hierarchical.NodeTestTask.lambda$executeRecursively$6(NodeTestTask.java:151) ~[junit-platform-engine-1.8.2.jar:1.8.2]
	at org.junit.platform.engine.support.hierarchical.ThrowableCollector.execute(ThrowableCollector.java:73) ~[junit-platform-engine-1.8.2.jar:1.8.2]
	at org.junit.platform.engine.support.hierarchical.NodeTestTask.lambda$executeRecursively$8(NodeTestTask.java:141) ~[junit-platform-engine-1.8.2.jar:1.8.2]
	at org.junit.platform.engine.support.hierarchical.Node.around(Node.java:137) ~[junit-platform-engine-1.8.2.jar:1.8.2]
	at org.junit.platform.engine.support.hierarchical.NodeTestTask.lambda$executeRecursively$9(NodeTestTask.java:139) ~[junit-platform-engine-1.8.2.jar:1.8.2]
	at org.junit.platform.engine.support.hierarchical.ThrowableCollector.execute(ThrowableCollector.java:73) ~[junit-platform-engine-1.8.2.jar:1.8.2]
	at org.junit.platform.engine.support.hierarchical.NodeTestTask.executeRecursively(NodeTestTask.java:138) ~[junit-platform-engine-1.8.2.jar:1.8.2]
	at org.junit.platform.engine.support.hierarchical.NodeTestTask.execute(NodeTestTask.java:95) ~[junit-platform-engine-1.8.2.jar:1.8.2]
	at java.util.ArrayList.forEach(ArrayList.java:1259) ~[na:1.8.0_342]
	at org.junit.platform.engine.support.hierarchical.SameThreadHierarchicalTestExecutorService.invokeAll(SameThreadHierarchicalTestExecutorService.java:41) ~[junit-platform-engine-1.8.2.jar:1.8.2]
	at org.junit.platform.engine.support.hierarchical.NodeTestTask.lambda$executeRecursively$6(NodeTestTask.java:155) ~[junit-platform-engine-1.8.2.jar:1.8.2]
	at org.junit.platform.engine.support.hierarchical.ThrowableCollector.execute(ThrowableCollector.java:73) ~[junit-platform-engine-1.8.2.jar:1.8.2]
	at org.junit.platform.engine.support.hierarchical.NodeTestTask.lambda$executeRecursively$8(NodeTestTask.java:141) ~[junit-platform-engine-1.8.2.jar:1.8.2]
	at org.junit.platform.engine.support.hierarchical.Node.around(Node.java:137) ~[junit-platform-engine-1.8.2.jar:1.8.2]
	at org.junit.platform.engine.support.hierarchical.NodeTestTask.lambda$executeRecursively$9(NodeTestTask.java:139) ~[junit-platform-engine-1.8.2.jar:1.8.2]
	at org.junit.platform.engine.support.hierarchical.ThrowableCollector.execute(ThrowableCollector.java:73) ~[junit-platform-engine-1.8.2.jar:1.8.2]
	at org.junit.platform.engine.support.hierarchical.NodeTestTask.executeRecursively(NodeTestTask.java:138) ~[junit-platform-engine-1.8.2.jar:1.8.2]
	at org.junit.platform.engine.support.hierarchical.NodeTestTask.execute(NodeTestTask.java:95) ~[junit-platform-engine-1.8.2.jar:1.8.2]
	at java.util.ArrayList.forEach(ArrayList.java:1259) ~[na:1.8.0_342]
	at org.junit.platform.engine.support.hierarchical.SameThreadHierarchicalTestExecutorService.invokeAll(SameThreadHierarchicalTestExecutorService.java:41) ~[junit-platform-engine-1.8.2.jar:1.8.2]
	at org.junit.platform.engine.support.hierarchical.NodeTestTask.lambda$executeRecursively$6(NodeTestTask.java:155) ~[junit-platform-engine-1.8.2.jar:1.8.2]
	at org.junit.platform.engine.support.hierarchical.ThrowableCollector.execute(ThrowableCollector.java:73) ~[junit-platform-engine-1.8.2.jar:1.8.2]
	at org.junit.platform.engine.support.hierarchical.NodeTestTask.lambda$executeRecursively$8(NodeTestTask.java:141) ~[junit-platform-engine-1.8.2.jar:1.8.2]
	at org.junit.platform.engine.support.hierarchical.Node.around(Node.java:137) ~[junit-platform-engine-1.8.2.jar:1.8.2]
	at org.junit.platform.engine.support.hierarchical.NodeTestTask.lambda$executeRecursively$9(NodeTestTask.java:139) ~[junit-platform-engine-1.8.2.jar:1.8.2]
	at org.junit.platform.engine.support.hierarchical.ThrowableCollector.execute(ThrowableCollector.java:73) ~[junit-platform-engine-1.8.2.jar:1.8.2]
	at org.junit.platform.engine.support.hierarchical.NodeTestTask.executeRecursively(NodeTestTask.java:138) ~[junit-platform-engine-1.8.2.jar:1.8.2]
	at org.junit.platform.engine.support.hierarchical.NodeTestTask.execute(NodeTestTask.java:95) ~[junit-platform-engine-1.8.2.jar:1.8.2]
	at org.junit.platform.engine.support.hierarchical.SameThreadHierarchicalTestExecutorService.submit(SameThreadHierarchicalTestExecutorService.java:35) ~[junit-platform-engine-1.8.2.jar:1.8.2]
	at org.junit.platform.engine.support.hierarchical.HierarchicalTestExecutor.execute(HierarchicalTestExecutor.java:57) ~[junit-platform-engine-1.8.2.jar:1.8.2]
	at org.junit.platform.engine.support.hierarchical.HierarchicalTestEngine.execute(HierarchicalTestEngine.java:54) ~[junit-platform-engine-1.8.2.jar:1.8.2]
	at org.junit.platform.launcher.core.DefaultLauncher.execute(DefaultLauncher.java:220) ~[junit-platform-launcher-1.3.1.jar:1.3.1]
	at org.junit.platform.launcher.core.DefaultLauncher.lambda$execute$6(DefaultLauncher.java:188) ~[junit-platform-launcher-1.3.1.jar:1.3.1]
	at org.junit.platform.launcher.core.DefaultLauncher.withInterceptedStreams(DefaultLauncher.java:202) ~[junit-platform-launcher-1.3.1.jar:1.3.1]
	at org.junit.platform.launcher.core.DefaultLauncher.execute(DefaultLauncher.java:181) ~[junit-platform-launcher-1.3.1.jar:1.3.1]
	at org.junit.platform.launcher.core.DefaultLauncher.execute(DefaultLauncher.java:128) ~[junit-platform-launcher-1.3.1.jar:1.3.1]
	at org.apache.maven.surefire.junitplatform.JUnitPlatformProvider.invokeAllTests(JUnitPlatformProvider.java:150) ~[surefire-junit-platform-2.22.2.jar:2.22.2]
	at org.apache.maven.surefire.junitplatform.JUnitPlatformProvider.invoke(JUnitPlatformProvider.java:124) ~[surefire-junit-platform-2.22.2.jar:2.22.2]
	at org.apache.maven.surefire.booter.ForkedBooter.invokeProviderInSameClassLoader(ForkedBooter.java:384) ~[surefire-booter-2.22.2.jar:2.22.2]
	at org.apache.maven.surefire.booter.ForkedBooter.runSuitesInProcess(ForkedBooter.java:345) ~[surefire-booter-2.22.2.jar:2.22.2]
	at org.apache.maven.surefire.booter.ForkedBooter.execute(ForkedBooter.java:126) ~[surefire-booter-2.22.2.jar:2.22.2]
	at org.apache.maven.surefire.booter.ForkedBooter.main(ForkedBooter.java:418) ~[surefire-booter-2.22.2.jar:2.22.2]
Caused by: org.h2.jdbc.JdbcSQLSyntaxErrorException: Column "SONGNAME" not found; SQL statement:
INSERT INTO playlist (songName, lyricist, singer, musicDirector) SELECT 'Butta Bomma', 'Ramajogayya Sastry', 'Armaan Malik', 'Thaman S' WHERE NOT EXISTS (SELECT 1 FROM playlist WHERE songid = 1) [42122-214]
[...]
	at org.junit.platform.engine.support.hierarchical.ThrowableCollector.execute(ThrowableCollector.java:73) ~[junit-platform-engine-1.8.2.jar:1.8.2]
	at org.junit.platform.engine.support.hierarchical.NodeTestTask.lambda$executeRecursively$8(NodeTestTask.java:141) ~[junit-platform-engine-1.8.2.jar:1.8.2]
	at org.junit.platform.engine.support.hierarchical.Node.around(Node.java:137) ~[junit-platform-engine-1.8.2.jar:1.8.2]
	at org.junit.platform.engine.support.hierarchical.NodeTestTask.lambda$executeRecursively$9(NodeTestTask.java:139) ~[junit-platform-engine-1.8.2.jar:1.8.2]
	at org.junit.platform.engine.support.hierarchical.ThrowableCollector.execute(ThrowableCollector.java:73) ~[junit-platform-engine-1.8.2.jar:1.8.2]
	at org.junit.platform.engine.support.hierarchical.NodeTestTask.executeRecursively(NodeTestTask.java:138) ~[junit-platform-engine-1.8.2.jar:1.8.2]
	at org.junit.platform.engine.support.hierarchical.NodeTestTask.execute(NodeTestTask.java:95) ~[junit-platform-engine-1.8.2.jar:1.8.2]
	at org.junit.platform.engine.support.hierarchical.SameThreadHierarchicalTestExecutorService.submit(SameThreadHierarchicalTestExecutorService.java:35) ~[junit-platform-engine-1.8.2.jar:1.8.2]
	at org.junit.platform.engine.support.hierarchical.HierarchicalTestExecutor.execute(HierarchicalTestExecutor.java:57) ~[junit-platform-engine-1.8.2.jar:1.8.2]
	at org.junit.platform.engine.support.hierarchical.HierarchicalTestEngine.execute(HierarchicalTestEngine.java:54) ~[junit-platform-engine-1.8.2.jar:1.8.2]
	at org.junit.platform.launcher.core.DefaultLauncher.execute(DefaultLauncher.java:220) ~[junit-platform-launcher-1.3.1.jar:1.3.1]
	at org.junit.platform.launcher.core.DefaultLauncher.lambda$execute$6(DefaultLauncher.java:188) ~[junit-platform-launcher-1.3.1.jar:1.3.1]
	at org.junit.platform.launcher.core.DefaultLauncher.withInterceptedStreams(DefaultLauncher.java:202) ~[junit-platform-launcher-1.3.1.jar:1.3.1]
	at org.junit.platform.launcher.core.DefaultLauncher.execute(DefaultLauncher.java:181) ~[junit-platform-launcher-1.3.1.jar:1.3.1]
	at org.junit.platform.launcher.core.DefaultLauncher.execute(DefaultLauncher.java:128) ~[junit-platform-launcher-1.3.1.jar:1.3.1]
	at org.apache.maven.surefire.junitplatform.JUnitPlatformProvider.invokeAllTests(JUnitPlatformProvider.java:150) ~[surefire-junit-platform-2.22.2.jar:2.22.2]
	at org.apache.maven.surefire.junitplatform.JUnitPlatformProvider.invoke(JUnitPlatformProvider.java:124) ~[surefire-junit-platform-2.22.2.jar:2.22.2]
	at org.apache.maven.surefire.booter.ForkedBooter.invokeProviderInSameClassLoader(ForkedBooter.java:384) ~[surefire-booter-2.22.2.jar:2.22.2]
	at org.apache.maven.surefire.booter.ForkedBooter.runSuitesInProcess(ForkedBooter.java:345) ~[surefire-booter-2.22.2.jar:2.22.2]
	at org.apache.maven.surefire.booter.ForkedBooter.execute(ForkedBooter.java:126) ~[surefire-booter-2.22.2.jar:2.22.2]
	at org.apache.maven.surefire.booter.ForkedBooter.main(ForkedBooter.java:418) ~[surefire-booter-2.22.2.jar:2.22.2]
Caused by: org.h2.jdbc.JdbcSQLSyntaxErrorException: Column "SONGNAME" not found; SQL statement:
INSERT INTO playlist (songName, lyricist, singer, musicDirector) SELECT 'Butta Bomma', 'Ramajogayya Sastry', 'Armaan Malik', 'Thaman S' WHERE NOT EXISTS (SELECT 1 FROM playlist WHERE songid = 1) [42122-214]
	at org.h2.message.DbException.getJdbcSQLException(DbException.java:502) ~[h2-2.1.214.jar:2.1.214]
	at org.h2.message.DbException.getJdbcSQLException(DbException.java:477) ~[h2-2.1.214.jar:2.1.214]
	at org.h2.message.DbException.get(DbException.java:223) ~[h2-2.1.214.jar:2.1.214]
	at org.h2.message.DbException.get(DbException.java:199) ~[h2-2.1.214.jar:2.1.214]
	at org.h2.table.Table.getColumn(Table.java:749) ~[h2-2.1.214.jar:2.1.214]
	at org.h2.command.Parser.parseColumn(Parser.java:1256) ~[h2-2.1.214.jar:2.1.214]
	at org.h2.command.Parser.parseColumnList(Parser.java:1241) ~[h2-2.1.214.jar:2.1.214]
	at org.h2.command.Parser.parseInsert(Parser.java:1641) ~[h2-2.1.214.jar:2.1.214]
	at org.h2.command.Parser.parsePrepared(Parser.java:814) ~[h2-2.1.214.jar:2.1.214]
	at org.h2.command.Parser.parse(Parser.java:689) ~[h2-2.1.214.jar:2.1.214]
	at org.h2.command.Parser.parse(Parser.java:661) ~[h2-2.1.214.jar:2.1.214]
	at org.h2.command.Parser.prepareCommand(Parser.java:569) ~[h2-2.1.214.jar:2.1.214]
	at org.h2.engine.SessionLocal.prepareLocal(SessionLocal.java:631) ~[h2-2.1.214.jar:2.1.214]
	at org.h2.engine.SessionLocal.prepareCommand(SessionLocal.java:554) ~[h2-2.1.214.jar:2.1.214]
	at org.h2.jdbc.JdbcConnection.prepareCommand(JdbcConnection.java:1116) ~[h2-2.1.214.jar:2.1.214]
	at org.h2.jdbc.JdbcStatement.executeInternal(JdbcStatement.java:237) ~[h2-2.1.214.jar:2.1.214]
	at org.h2.jdbc.JdbcStatement.execute(JdbcStatement.java:223) ~[h2-2.1.214.jar:2.1.214]
	at com.zaxxer.hikari.pool.ProxyStatement.execute(ProxyStatement.java:94) ~[HikariCP-4.0.3.jar:na]
	at com.zaxxer.hikari.pool.HikariProxyStatement.execute(HikariProxyStatement.java) ~[HikariCP-4.0.3.jar:na]
	at org.springframework.jdbc.datasource.init.ScriptUtils.executeSqlScript(ScriptUtils.java:261) ~[spring-jdbc-5.3.24.jar:5.3.24]
	... 64 common frames omitted

]]></system-out>
  </testcase>
  <testcase name="testAfterDelete" classname="com.example.song.SongControllerTests" time="0.803">
    <error message="Failed to execute SQL script statement #1 of class path resource [data.sql]: INSERT INTO playlist (songName, lyricist, singer, musicDirector) SELECT &apos;Butta Bomma&apos;, &apos;Ramajogayya Sastry&apos;, &apos;Armaan Malik&apos;, &apos;Thaman S&apos; WHERE NOT EXISTS (SELECT 1 FROM playlist WHERE songid = 1); nested exception is org.h2.jdbc.JdbcSQLSyntaxErrorException: Column &quot;SONGNAME&quot; not found; SQL statement:&#10;INSERT INTO playlist (songName, lyricist, singer, musicDirector) SELECT &apos;Butta Bomma&apos;, &apos;Ramajogayya Sastry&apos;, &apos;Armaan Malik&apos;, &apos;Thaman S&apos; WHERE NOT EXISTS (SELECT 1 FROM playlist WHERE songid = 1) [42122-214]" type="org.springframework.jdbc.datasource.init.ScriptStatementFailedException">org.springframework.jdbc.datasource.init.ScriptStatementFailedException: 
Failed to execute SQL script statement #1 of class path resource [data.sql]: INSERT INTO playlist (songName, lyricist, singer, musicDirector) SELECT 'Butta Bomma', 'Ramajogayya Sastry', 'Armaan Malik', 'Thaman S' WHERE NOT EXISTS (SELECT 1 FROM playlist WHERE songid = 1); nested exception is org.h2.jdbc.JdbcSQLSyntaxErrorException: Column "SONGNAME" not found; SQL statement:
INSERT INTO playlist (songName, lyricist, singer, musicDirector) SELECT 'Butta Bomma', 'Ramajogayya Sastry', 'Armaan Malik', 'Thaman S' WHERE NOT EXISTS (SELECT 1 FROM playlist WHERE songid = 1) [42122-214]
Caused by: org.h2.jdbc.JdbcSQLSyntaxErrorException: 
Column "SONGNAME" not found; SQL statement:
INSERT INTO playlist (songName, lyricist, singer, musicDirector) SELECT 'Butta Bomma', 'Ramajogayya Sastry', 'Armaan Malik', 'Thaman S' WHERE NOT EXISTS (SELECT 1 FROM playlist WHERE songid = 1) [42122-214]
</error>
    <system-out><![CDATA[2023-11-12 06:01:02.182  WARN 5596 --- [           main] o.s.test.context.TestContextManager      : Caught exception while invoking 'beforeTestMethod' callback on TestExecutionListener [org.springframework.test.context.jdbc.SqlScriptsTestExecutionListener@5d2e65bd] for test method [public void com.example.song.SongControllerTests.testAfterDelete() throws java.lang.Exception] and test instance [com.example.song.SongControllerTests@441016d6]

org.springframework.jdbc.datasource.init.ScriptStatementFailedException: Failed to execute SQL script statement #1 of class path resource [data.sql]: INSERT INTO playlist (songName, lyricist, singer, musicDirector) SELECT 'Butta Bomma', 'Ramajogayya Sastry', 'Armaan Malik', 'Thaman S' WHERE NOT EXISTS (SELECT 1 FROM playlist WHERE songid = 1); nested exception is org.h2.jdbc.JdbcSQLSyntaxErrorException: Column "SONGNAME" not found; SQL statement:
INSERT INTO playlist (songName, lyricist, singer, musicDirector) SELECT 'Butta Bomma', 'Ramajogayya Sastry', 'Armaan Malik', 'Thaman S' WHERE NOT EXISTS (SELECT 1 FROM playlist WHERE songid = 1) [42122-214]
	at org.springframework.jdbc.datasource.init.ScriptUtils.executeSqlScript(ScriptUtils.java:282) ~[spring-jdbc-5.3.24.jar:5.3.24]
	at org.springframework.jdbc.datasource.init.ResourceDatabasePopulator.populate(ResourceDatabasePopulator.java:254) ~[spring-jdbc-5.3.24.jar:5.3.24]
	at org.springframework.jdbc.datasource.init.DatabasePopulatorUtils.execute(DatabasePopulatorUtils.java:54) ~[spring-jdbc-5.3.24.jar:5.3.24]
	at org.springframework.jdbc.datasource.init.ResourceDatabasePopulator.execute(ResourceDatabasePopulator.java:269) ~[spring-jdbc-5.3.24.jar:5.3.24]
	at org.springframework.test.context.jdbc.SqlScriptsTestExecutionListener.lambda$executeSqlScripts$4(SqlScriptsTestExecutionListener.java:279) ~[spring-test-5.3.24.jar:5.3.24]
	at org.springframework.transaction.support.TransactionOperations.lambda$executeWithoutResult$0(TransactionOperations.java:68) ~[spring-tx-5.3.25.jar:5.3.25]
	at org.springframework.transaction.support.TransactionTemplate.execute(TransactionTemplate.java:140) ~[spring-tx-5.3.25.jar:5.3.25]
	at org.springframework.transaction.support.TransactionOperations.executeWithoutResult(TransactionOperations.java:67) ~[spring-tx-5.3.25.jar:5.3.25]
	at org.springframework.test.context.jdbc.SqlScriptsTestExecutionListener.executeSqlScripts(SqlScriptsTestExecutionListener.java:279) ~[spring-test-5.3.24.jar:5.3.24]
	at org.springframework.test.context.jdbc.SqlScriptsTestExecutionListener.lambda$executeSqlScripts$0(SqlScriptsTestExecutionListener.java:201) ~[spring-test-5.3.24.jar:5.3.24]
	at java.lang.Iterable.forEach(Iterable.java:75) ~[na:1.8.0_342]
	at org.springframework.test.context.jdbc.SqlScriptsTestExecutionListener.executeSqlScripts(SqlScriptsTestExecutionListener.java:201) ~[spring-test-5.3.24.jar:5.3.24]
	at org.springframework.test.context.jdbc.SqlScriptsTestExecutionListener.executeSqlScripts(SqlScriptsTestExecutionListener.java:148) ~[spring-test-5.3.24.jar:5.3.24]
	at org.springframework.test.context.jdbc.SqlScriptsTestExecutionListener.beforeTestMethod(SqlScriptsTestExecutionListener.java:118) ~[spring-test-5.3.24.jar:5.3.24]
	at org.springframework.test.context.TestContextManager.beforeTestMethod(TestContextManager.java:293) ~[spring-test-5.3.24.jar:5.3.24]
	at org.springframework.test.context.junit.jupiter.SpringExtension.beforeEach(SpringExtension.java:174) [spring-test-5.3.24.jar:5.3.24]
	at org.junit.jupiter.engine.descriptor.TestMethodTestDescriptor.lambda$invokeBeforeEachCallbacks$2(TestMethodTestDescriptor.java:163) [junit-jupiter-engine-5.8.2.jar:5.8.2]
	at org.junit.jupiter.engine.descriptor.TestMethodTestDescriptor.lambda$invokeBeforeMethodsOrCallbacksUntilExceptionOccurs$6(TestMethodTestDescriptor.java:199) [junit-jupiter-engine-5.8.2.jar:5.8.2]
	at org.junit.platform.engine.support.hierarchical.ThrowableCollector.execute(ThrowableCollector.java:73) ~[junit-platform-engine-1.8.2.jar:1.8.2]
	at org.junit.jupiter.engine.descriptor.TestMethodTestDescriptor.invokeBeforeMethodsOrCallbacksUntilExceptionOccurs(TestMethodTestDescriptor.java:199) [junit-jupiter-engine-5.8.2.jar:5.8.2]
	at org.junit.jupiter.engine.descriptor.TestMethodTestDescriptor.invokeBeforeEachCallbacks(TestMethodTestDescriptor.java:162) [junit-jupiter-engine-5.8.2.jar:5.8.2]
	at org.junit.jupiter.engine.descriptor.TestMethodTestDescriptor.execute(TestMethodTestDescriptor.java:129) [junit-jupiter-engine-5.8.2.jar:5.8.2]
	at org.junit.jupiter.engine.descriptor.TestMethodTestDescriptor.execute(TestMethodTestDescriptor.java:66) [junit-jupiter-engine-5.8.2.jar:5.8.2]
	at org.junit.platform.engine.support.hierarchical.NodeTestTask.lambda$executeRecursively$6(NodeTestTask.java:151) ~[junit-platform-engine-1.8.2.jar:1.8.2]
	at org.junit.platform.engine.support.hierarchical.ThrowableCollector.execute(ThrowableCollector.java:73) ~[junit-platform-engine-1.8.2.jar:1.8.2]
	at org.junit.platform.engine.support.hierarchical.NodeTestTask.lambda$executeRecursively$8(NodeTestTask.java:141) ~[junit-platform-engine-1.8.2.jar:1.8.2]
	at org.junit.platform.engine.support.hierarchical.Node.around(Node.java:137) ~[junit-platform-engine-1.8.2.jar:1.8.2]
	at org.junit.platform.engine.support.hierarchical.NodeTestTask.lambda$executeRecursively$9(NodeTestTask.java:139) ~[junit-platform-engine-1.8.2.jar:1.8.2]
	at org.junit.platform.engine.support.hierarchical.ThrowableCollector.execute(ThrowableCollector.java:73) ~[junit-platform-engine-1.8.2.jar:1.8.2]
	at org.junit.platform.engine.support.hierarchical.NodeTestTask.executeRecursively(NodeTestTask.java:138) ~[junit-platform-engine-1.8.2.jar:1.8.2]
	at org.junit.platform.engine.support.hierarchical.NodeTestTask.execute(NodeTestTask.java:95) ~[junit-platform-engine-1.8.2.jar:1.8.2]
	at java.util.ArrayList.forEach(ArrayList.java:1259) ~[na:1.8.0_342]
	at org.junit.platform.engine.support.hierarchical.SameThreadHierarchicalTestExecutorService.invokeAll(SameThreadHierarchicalTestExecutorService.java:41) ~[junit-platform-engine-1.8.2.jar:1.8.2]
	at org.junit.platform.engine.support.hierarchical.NodeTestTask.lambda$executeRecursively$6(NodeTestTask.java:155) ~[junit-platform-engine-1.8.2.jar:1.8.2]
	at org.junit.platform.engine.support.hierarchical.ThrowableCollector.execute(ThrowableCollector.java:73) ~[junit-platform-engine-1.8.2.jar:1.8.2]
	at org.junit.platform.engine.support.hierarchical.NodeTestTask.lambda$executeRecursively$8(NodeTestTask.java:141) ~[junit-platform-engine-1.8.2.jar:1.8.2]
	at org.junit.platform.engine.support.hierarchical.Node.around(Node.java:137) ~[junit-platform-engine-1.8.2.jar:1.8.2]
	at org.junit.platform.engine.support.hierarchical.NodeTestTask.lambda$executeRecursively$9(NodeTestTask.java:139) ~[junit-platform-engine-1.8.2.jar:1.8.2]
	at org.junit.platform.engine.support.hierarchical.ThrowableCollector.execute(ThrowableCollector.java:73) ~[junit-platform-engine-1.8.2.jar:1.8.2]
	at org.junit.platform.engine.support.hierarchical.NodeTestTask.executeRecursively(NodeTestTask.java:138) ~[junit-platform-engine-1.8.2.jar:1.8.2]
	at org.junit.platform.engine.support.hierarchical.NodeTestTask.execute(NodeTestTask.java:95) ~[junit-platform-engine-1.8.2.jar:1.8.2]
	at java.util.ArrayList.forEach(ArrayList.java:1259) ~[na:1.8.0_342]
	at org.junit.platform.engine.support.hierarchical.SameThreadHierarchicalTestExecutorService.invokeAll(SameThreadHierarchicalTestExecutorService.java:41) ~[junit-platform-engine-1.8.2.jar:1.8.2]
	at org.junit.platform.engine.support.hierarchical.NodeTestTask.lambda$executeRecursively$6(NodeTestTask.java:155) ~[junit-platform-engine-1.8.2.jar:1.8.2]
	at org.junit.platform.engine.support.hierarchical.ThrowableCollector.execute(ThrowableCollector.java:73) ~[junit-platform-engine-1.8.2.jar:1.8.2]
	at org.junit.platform.engine.support.hierarchical.NodeTestTask.lambda$executeRecursively$8(NodeTestTask.java:141) ~[junit-platform-engine-1.8.2.jar:1.8.2]
	at org.junit.platform.engine.support.hierarchical.Node.around(Node.java:137) ~[junit-platform-engine-1.8.2.jar:1.8.2]
	at org.junit.platform.engine.support.hierarchical.NodeTestTask.lambda$executeRecursively$9(NodeTestTask.java:139) ~[junit-platform-engine-1.8.2.jar:1.8.2]
	at org.junit.platform.engine.support.hierarchical.ThrowableCollector.execute(ThrowableCollector.java:73) ~[junit-platform-engine-1.8.2.jar:1.8.2]
	at org.junit.platform.engine.support.hierarchical.NodeTestTask.executeRecursively(NodeTestTask.java:138) ~[junit-platform-engine-1.8.2.jar:1.8.2]
	at org.junit.platform.engine.support.hierarchical.NodeTestTask.execute(NodeTestTask.java:95) ~[junit-platform-engine-1.8.2.jar:1.8.2]
	at org.junit.platform.engine.support.hierarchical.SameThreadHierarchicalTestExecutorService.submit(SameThreadHierarchicalTestExecutorService.java:35) ~[junit-platform-engine-1.8.2.jar:1.8.2]
	at org.junit.platform.engine.support.hierarchical.HierarchicalTestExecutor.execute(HierarchicalTestExecutor.java:57) ~[junit-platform-engine-1.8.2.jar:1.8.2]
	at org.junit.platform.engine.support.hierarchical.HierarchicalTestEngine.execute(HierarchicalTestEngine.java:54) ~[junit-platform-engine-1.8.2.jar:1.8.2]
	at org.junit.platform.launcher.core.DefaultLauncher.execute(DefaultLauncher.java:220) ~[junit-platform-launcher-1.3.1.jar:1.3.1]
	at org.junit.platform.launcher.core.DefaultLauncher.lambda$execute$6(DefaultLauncher.java:188) ~[junit-platform-launcher-1.3.1.jar:1.3.1]
	at org.junit.platform.launcher.core.DefaultLauncher.withInterceptedStreams(DefaultLauncher.java:202) ~[junit-platform-launcher-1.3.1.jar:1.3.1]
	at org.junit.platform.launcher.core.DefaultLauncher.execute(DefaultLauncher.java:181) ~[junit-platform-launcher-1.3.1.jar:1.3.1]
	at org.junit.platform.launcher.core.DefaultLauncher.execute(DefaultLauncher.java:128) ~[junit-platform-launcher-1.3.1.jar:1.3.1]
	at org.apache.maven.surefire.junitplatform.JUnitPlatformProvider.invokeAllTests(JUnitPlatformProvider.java:150) ~[surefire-junit-platform-2.22.2.jar:2.22.2]
	at org.apache.maven.surefire.junitplatform.JUnitPlatformProvider.invoke(JUnitPlatformProvider.java:124) ~[surefire-junit-platform-2.22.2.jar:2.22.2]
	at org.apache.maven.surefire.booter.ForkedBooter.invokeProviderInSameClassLoader(ForkedBooter.java:384) ~[surefire-booter-2.22.2.jar:2.22.2]
	at org.apache.maven.surefire.booter.ForkedBooter.runSuitesInProcess(ForkedBooter.java:345) ~[surefire-booter-2.22.2.jar:2.22.2]
	at org.apache.maven.surefire.booter.ForkedBooter.execute(ForkedBooter.java:126) ~[surefire-booter-2.22.2.jar:2.22.2]
	at org.apache.maven.surefire.booter.ForkedBooter.main(ForkedBooter.java:418) ~[surefire-booter-2.22.2.jar:2.22.2]
Caused by: org.h2.jdbc.JdbcSQLSyntaxErrorException: Column "SONGNAME" not found; SQL statement:
INSERT INTO playlist (songName, lyricist, singer, musicDirector) SELECT 'Butta Bomma', 'Ramajogayya Sastry', 'Armaan Malik', 'Thaman S' WHERE NOT EXISTS (SELECT 1 FROM playlist WHERE songid = 1) [42122-214]
	at org.h2.message.DbException.getJdbcSQLException(DbException.java:502) ~[h2-2.1.214.jar:2.1.214]
	at org.h2.message.DbException.getJdbcSQLException(DbException.java:477) ~[h2-2.1.214.jar:2.1.214]
	at org.h2.message.DbException.get(DbException.java:223) ~[h2-2.1.214.jar:2.1.214]
	at org.h2.message.DbException.get(DbException.java:199) ~[h2-2.1.214.jar:2.1.214]
	at org.h2.table.Table.getColumn(Table.java:749) ~[h2-2.1.214.jar:2.1.214]
	at org.h2.command.Parser.parseColumn(Parser.java:1256) ~[h2-2.1.214.jar:2.1.214]
	at org.h2.command.Parser.parseColumnList(Parser.java:1241) ~[h2-2.1.214.jar:2.1.214]
	at org.h2.command.Parser.parseInsert(Parser.java:1641) ~[h2-2.1.214.jar:2.1.214]
	at org.h2.command.Parser.parsePrepared(Parser.java:814) ~[h2-2.1.214.jar:2.1.214]
	at org.h2.command.Parser.parse(Parser.java:689) ~[h2-2.1.214.jar:2.1.214]
	at org.h2.command.Parser.parse(Parser.java:661) ~[h2-2.1.214.jar:2.1.214]
	at org.h2.command.Parser.prepareCommand(Parser.java:569) ~[h2-2.1.214.jar:2.1.214]
	at org.h2.engine.SessionLocal.prepareLocal(SessionLocal.java:631) ~[h2-2.1.214.jar:2.1.214]
	at org.h2.engine.SessionLocal.prepareCommand(SessionLocal.java:554) ~[h2-2.1.214.jar:2.1.214]
	at org.h2.jdbc.JdbcConnection.prepareCommand(JdbcConnection.java:1116) ~[h2-2.1.214.jar:2.1.214]
	at org.h2.jdbc.JdbcStatement.executeInternal(JdbcStatement.java:237) ~[h2-2.1.214.jar:2.1.214]
	at org.h2.jdbc.JdbcStatement.execute(JdbcStatement.java:223) ~[h2-2.1.214.jar:2.1.214]
	at com.zaxxer.hikari.pool.ProxyStatement.execute(ProxyStatement.java:94) ~[HikariCP-4.0.3.jar:na]
	at com.zaxxer.hikari.pool.HikariProxyStatement.execute(HikariProxyStatement.java) ~[HikariCP-4.0.3.jar:na]
	at org.springframework.jdbc.datasource.init.ScriptUtils.executeSqlScript(ScriptUtils.java:261) ~[spring-jdbc-5.3.24.jar:5.3.24]
	... 64 common frames omitted

]]></system-out>
  </testcase>
</testsuite>